[07/Feb/2025 22:22:27] INFO [default:13] Response sent: status=404
[07/Feb/2025 22:22:27] INFO [default:13] Response sent: status=200
[07/Feb/2025 23:34:38] INFO [default:13] Response sent: status=200
[07/Feb/2025 23:34:41] INFO [default:30] Request received: method=GET, path=/admin/admin_app/user/, user=akram
[07/Feb/2025 23:34:41] INFO [default:13] Response sent: status=200
[07/Feb/2025 23:34:41] INFO [default:13] Response sent: status=200
[07/Feb/2025 23:34:41] INFO [default:13] Response sent: status=404
[07/Feb/2025 23:34:41] INFO [default:13] Response sent: status=404
[07/Feb/2025 23:34:41] INFO [default:13] Response sent: status=404
[07/Feb/2025 23:34:41] INFO [default:13] Response sent: status=404
[07/Feb/2025 23:34:41] INFO [default:13] Response sent: status=404
[07/Feb/2025 23:34:41] INFO [default:13] Response sent: status=404
[07/Feb/2025 23:34:42] INFO [default:13] Response sent: status=404
[07/Feb/2025 23:34:42] INFO [default:13] Response sent: status=404
[07/Feb/2025 23:34:42] INFO [default:13] Response sent: status=404
[07/Feb/2025 23:34:42] INFO [default:13] Response sent: status=404
[07/Feb/2025 23:34:42] INFO [default:13] Response sent: status=404
[07/Feb/2025 23:34:42] INFO [default:13] Response sent: status=404
[07/Feb/2025 23:34:42] INFO [default:13] Response sent: status=404
[07/Feb/2025 23:34:47] INFO [default:13] Response sent: status=200
[07/Feb/2025 23:34:48] INFO [default:13] Response sent: status=200
[07/Feb/2025 23:34:57] INFO [default:13] Response sent: status=200
[07/Feb/2025 23:34:57] INFO [default:13] Response sent: status=200
[07/Feb/2025 23:35:14] INFO [default:13] Response sent: status=200
[07/Feb/2025 23:35:14] INFO [default:13] Response sent: status=200
[07/Feb/2025 23:35:27] INFO [default:13] Response sent: status=200
[07/Feb/2025 23:35:27] INFO [default:13] Response sent: status=200
[07/Feb/2025 23:35:36] INFO [default:13] Response sent: status=200
[07/Feb/2025 23:35:37] INFO [default:13] Response sent: status=200
[07/Feb/2025 23:36:48] INFO [default:13] Response sent: status=200
[07/Feb/2025 23:36:49] INFO [default:13] Response sent: status=200
[07/Feb/2025 23:37:08] INFO [default:13] Response sent: status=200
[07/Feb/2025 23:37:09] INFO [default:13] Response sent: status=200
[07/Feb/2025 23:38:03] INFO [default:13] Response sent: status=200
[07/Feb/2025 23:38:04] INFO [default:13] Response sent: status=200
[07/Feb/2025 23:38:25] INFO [default:13] Response sent: status=200
[07/Feb/2025 23:38:25] INFO [default:13] Response sent: status=200
[07/Feb/2025 23:38:40] INFO [default:13] Response sent: status=200
[07/Feb/2025 23:38:41] INFO [default:13] Response sent: status=200
[07/Feb/2025 23:38:43] INFO [default:30] Request received: method=GET, path=/admin/admin_app/user/, user=akram
[07/Feb/2025 23:38:43] INFO [default:13] Response sent: status=200
[07/Feb/2025 23:38:44] INFO [default:13] Response sent: status=200
[07/Feb/2025 23:38:44] INFO [default:13] Response sent: status=404
[07/Feb/2025 23:38:44] INFO [default:13] Response sent: status=404
[07/Feb/2025 23:38:44] INFO [default:13] Response sent: status=404
[07/Feb/2025 23:38:44] INFO [default:13] Response sent: status=404
[07/Feb/2025 23:38:44] INFO [default:13] Response sent: status=404
[07/Feb/2025 23:38:44] INFO [default:13] Response sent: status=404
[07/Feb/2025 23:38:44] INFO [default:13] Response sent: status=404
[07/Feb/2025 23:38:44] INFO [default:13] Response sent: status=404
[07/Feb/2025 23:38:45] INFO [default:13] Response sent: status=404
[07/Feb/2025 23:38:45] INFO [default:13] Response sent: status=404
[07/Feb/2025 23:38:45] INFO [default:13] Response sent: status=404
[07/Feb/2025 23:38:45] INFO [default:13] Response sent: status=404
[07/Feb/2025 23:38:45] INFO [default:13] Response sent: status=404
[07/Feb/2025 23:38:58] INFO [default:13] Response sent: status=200
[07/Feb/2025 23:39:02] INFO [default:13] Response sent: status=200
[07/Feb/2025 23:39:16] INFO [default:13] Response sent: status=500
[07/Feb/2025 23:56:34] INFO [default:13] Response sent: status=200
[07/Feb/2025 23:56:46] INFO [default:13] Response sent: status=302
[07/Feb/2025 23:56:46] INFO [default:13] Response sent: status=200
[07/Feb/2025 23:57:01] INFO [default:13] Response sent: status=302
[07/Feb/2025 23:57:01] INFO [default:13] Response sent: status=200
[07/Feb/2025 23:57:09] INFO [default:13] Response sent: status=302
[07/Feb/2025 23:57:10] INFO [default:13] Response sent: status=200
[07/Feb/2025 23:57:19] INFO [default:13] Response sent: status=200
[07/Feb/2025 23:57:25] INFO [default:13] Response sent: status=302
[07/Feb/2025 23:57:25] INFO [default:13] Response sent: status=200
[08/Feb/2025 00:00:40] INFO [default:13] Response sent: status=200
[08/Feb/2025 00:00:47] INFO [default:13] Response sent: status=302
[08/Feb/2025 00:00:47] INFO [default:13] Response sent: status=200
[08/Feb/2025 00:00:55] INFO [default:13] Response sent: status=302
[08/Feb/2025 00:00:55] INFO [default:13] Response sent: status=200
[08/Feb/2025 00:01:01] INFO [default:13] Response sent: status=200
[08/Feb/2025 00:01:08] INFO [default:13] Response sent: status=302
[08/Feb/2025 00:01:08] INFO [default:13] Response sent: status=200
[08/Feb/2025 00:24:23] INFO [default:30] Request received: method=GET, path=/admin/admin_app/user/, user=akram
[08/Feb/2025 00:24:23] INFO [default:13] Response sent: status=200
[08/Feb/2025 00:25:22] INFO [default:30] Request received: method=GET, path=/admin/admin_app/user/, user=akram
[08/Feb/2025 00:25:22] INFO [default:13] Response sent: status=200
[08/Feb/2025 00:25:25] INFO [default:30] Request received: method=GET, path=/admin/admin_app/user/, user=akram
[08/Feb/2025 00:25:25] INFO [default:13] Response sent: status=200
[08/Feb/2025 00:25:26] INFO [default:30] Request received: method=GET, path=/admin/admin_app/user/, user=akram
[08/Feb/2025 00:25:26] INFO [default:13] Response sent: status=200
[08/Feb/2025 00:25:41] INFO [default:30] Request received: method=GET, path=/admin/admin_app/user/, user=akram
[08/Feb/2025 00:25:41] INFO [default:13] Response sent: status=200
[08/Feb/2025 00:25:43] INFO [default:30] Request received: method=GET, path=/admin/admin_app/user/, user=akram
[08/Feb/2025 00:25:43] INFO [default:13] Response sent: status=200
[08/Feb/2025 00:25:47] INFO [default:13] Response sent: status=200
[08/Feb/2025 00:25:51] INFO [default:13] Response sent: status=404
[08/Feb/2025 00:25:56] INFO [default:13] Response sent: status=200
[08/Feb/2025 00:26:21] INFO [default:13] Response sent: status=200
[08/Feb/2025 00:26:29] INFO [default:30] Request received: method=GET, path=/admin/admin_app/user/, user=akram
[08/Feb/2025 00:26:29] INFO [default:13] Response sent: status=200
[08/Feb/2025 00:26:29] INFO [default:13] Response sent: status=200
[08/Feb/2025 00:26:29] INFO [default:13] Response sent: status=404
[08/Feb/2025 00:26:30] INFO [default:13] Response sent: status=404
[08/Feb/2025 00:26:30] INFO [default:13] Response sent: status=404
[08/Feb/2025 00:26:30] INFO [default:13] Response sent: status=404
[08/Feb/2025 00:26:30] INFO [default:13] Response sent: status=404
[08/Feb/2025 00:26:30] INFO [default:13] Response sent: status=404
[08/Feb/2025 00:26:30] INFO [default:13] Response sent: status=404
[08/Feb/2025 00:26:30] INFO [default:13] Response sent: status=404
[08/Feb/2025 00:26:30] INFO [default:13] Response sent: status=404
[08/Feb/2025 00:26:30] INFO [default:13] Response sent: status=404
[08/Feb/2025 00:26:30] INFO [default:13] Response sent: status=404
[08/Feb/2025 00:26:30] INFO [default:13] Response sent: status=404
[08/Feb/2025 00:26:30] INFO [default:13] Response sent: status=404
[08/Feb/2025 00:50:09] INFO [default:30] Request received: method=GET, path=/admin/admin_app/user/, user=akram
[08/Feb/2025 00:50:09] INFO [default:13] Response sent: status=200
[08/Feb/2025 00:50:09] INFO [default:13] Response sent: status=200
[08/Feb/2025 00:50:09] INFO [default:13] Response sent: status=404
[08/Feb/2025 00:50:09] INFO [default:13] Response sent: status=404
[08/Feb/2025 00:50:09] INFO [default:13] Response sent: status=404
[08/Feb/2025 00:50:09] INFO [default:13] Response sent: status=404
[08/Feb/2025 00:50:09] INFO [default:13] Response sent: status=404
[08/Feb/2025 00:50:09] INFO [default:13] Response sent: status=404
[08/Feb/2025 00:50:09] INFO [default:13] Response sent: status=404
[08/Feb/2025 00:50:10] INFO [default:13] Response sent: status=404
[08/Feb/2025 00:50:10] INFO [default:13] Response sent: status=404
[08/Feb/2025 00:50:10] INFO [default:13] Response sent: status=404
[08/Feb/2025 00:50:10] INFO [default:13] Response sent: status=404
[08/Feb/2025 00:50:10] INFO [default:13] Response sent: status=404
[08/Feb/2025 00:50:10] INFO [default:13] Response sent: status=404
[08/Feb/2025 00:50:13] INFO [default:30] Request received: method=GET, path=/admin/admin_app/user/, user=akram
[08/Feb/2025 00:50:13] INFO [default:13] Response sent: status=200
[08/Feb/2025 00:50:13] INFO [default:13] Response sent: status=200
[08/Feb/2025 00:50:13] INFO [default:13] Response sent: status=404
[08/Feb/2025 00:50:14] INFO [default:13] Response sent: status=404
[08/Feb/2025 00:50:14] INFO [default:13] Response sent: status=404
[08/Feb/2025 00:50:14] INFO [default:13] Response sent: status=404
[08/Feb/2025 00:50:14] INFO [default:13] Response sent: status=404
[08/Feb/2025 00:50:14] INFO [default:13] Response sent: status=404
[08/Feb/2025 00:50:14] INFO [default:13] Response sent: status=404
[08/Feb/2025 00:50:14] INFO [default:13] Response sent: status=404
[08/Feb/2025 00:50:14] INFO [default:13] Response sent: status=404
[08/Feb/2025 00:50:14] INFO [default:13] Response sent: status=404
[08/Feb/2025 00:50:14] INFO [default:13] Response sent: status=404
[08/Feb/2025 00:50:14] INFO [default:13] Response sent: status=404
[08/Feb/2025 00:50:15] INFO [default:13] Response sent: status=404
[08/Feb/2025 00:51:47] INFO [default:30] Request received: method=GET, path=/admin/admin_app/user/, user=akram
[08/Feb/2025 00:51:47] INFO [default:13] Response sent: status=200
[08/Feb/2025 00:51:48] INFO [default:13] Response sent: status=200
[08/Feb/2025 00:51:48] INFO [default:13] Response sent: status=404
[08/Feb/2025 00:51:48] INFO [default:13] Response sent: status=404
[08/Feb/2025 00:51:48] INFO [default:13] Response sent: status=404
[08/Feb/2025 00:51:48] INFO [default:13] Response sent: status=404
[08/Feb/2025 00:51:48] INFO [default:13] Response sent: status=404
[08/Feb/2025 00:51:48] INFO [default:13] Response sent: status=404
[08/Feb/2025 00:51:48] INFO [default:13] Response sent: status=404
[08/Feb/2025 00:51:48] INFO [default:13] Response sent: status=404
[08/Feb/2025 00:51:49] INFO [default:13] Response sent: status=404
[08/Feb/2025 00:51:49] INFO [default:13] Response sent: status=404
[08/Feb/2025 00:51:49] INFO [default:13] Response sent: status=404
[08/Feb/2025 00:51:49] INFO [default:13] Response sent: status=404
[08/Feb/2025 00:51:49] INFO [default:13] Response sent: status=404
[08/Feb/2025 00:51:56] INFO [default:30] Request received: method=GET, path=/admin/admin_app/group/, user=akram
[08/Feb/2025 00:51:56] INFO [default:13] Response sent: status=200
[08/Feb/2025 00:51:57] INFO [default:13] Response sent: status=200
[08/Feb/2025 00:53:00] INFO [default:30] Request received: method=GET, path=/admin/admin_app/group/, user=akram
[08/Feb/2025 00:53:00] INFO [default:13] Response sent: status=200
[08/Feb/2025 00:53:01] INFO [default:13] Response sent: status=200
[08/Feb/2025 00:53:07] INFO [default:30] Request received: method=GET, path=/admin/admin_app/course/, user=akram
[08/Feb/2025 00:53:07] INFO [default:13] Response sent: status=200
[08/Feb/2025 00:53:07] INFO [default:13] Response sent: status=200
[08/Feb/2025 00:53:24] INFO [default:30] Request received: method=GET, path=/admin/admin_app/course/, user=akram
[08/Feb/2025 00:53:24] INFO [default:13] Response sent: status=200
[08/Feb/2025 00:53:24] INFO [default:13] Response sent: status=200
[08/Feb/2025 00:53:27] INFO [default:30] Request received: method=GET, path=/admin/admin_app/course/, user=akram
[08/Feb/2025 00:53:27] INFO [default:13] Response sent: status=200
[08/Feb/2025 00:53:28] INFO [default:13] Response sent: status=200
[08/Feb/2025 00:53:35] INFO [default:13] Response sent: status=200
[08/Feb/2025 00:53:37] INFO [default:30] Request received: method=GET, path=/admin/admin_app/group/, user=akram
[08/Feb/2025 00:53:37] INFO [default:13] Response sent: status=200
[08/Feb/2025 00:53:37] INFO [default:13] Response sent: status=200
[08/Feb/2025 00:53:44] INFO [default:13] Response sent: status=200
[08/Feb/2025 00:53:45] INFO [default:13] Response sent: status=200
[08/Feb/2025 00:54:14] INFO [default:13] Response sent: status=200
[08/Feb/2025 00:54:14] INFO [default:13] Response sent: status=200
[08/Feb/2025 00:54:16] INFO [default:13] Response sent: status=200
[08/Feb/2025 00:54:16] INFO [default:13] Response sent: status=200
[09/Feb/2025 17:59:19] INFO [default:13] Response sent: status=302
[09/Feb/2025 17:59:19] INFO [default:13] Response sent: status=200
[09/Feb/2025 20:23:35] INFO [default:13] Response sent: status=302
[09/Feb/2025 20:23:35] INFO [default:13] Response sent: status=200
[10/Feb/2025 21:20:52] INFO [default:13] Response sent: status=302
[10/Feb/2025 21:20:53] INFO [default:13] Response sent: status=200
[10/Feb/2025 21:20:59] INFO [default:13] Response sent: status=200
[10/Feb/2025 21:20:59] INFO [default:13] Response sent: status=304
[10/Feb/2025 21:20:59] INFO [default:13] Response sent: status=304
[10/Feb/2025 21:20:59] INFO [default:13] Response sent: status=304
[10/Feb/2025 21:20:59] INFO [default:13] Response sent: status=304
[10/Feb/2025 21:20:59] INFO [default:13] Response sent: status=304
[10/Feb/2025 21:20:59] INFO [default:13] Response sent: status=304
[10/Feb/2025 21:20:59] INFO [default:13] Response sent: status=304
[10/Feb/2025 21:20:59] INFO [default:13] Response sent: status=304
[10/Feb/2025 21:20:59] INFO [default:13] Response sent: status=304
[10/Feb/2025 21:20:59] INFO [default:13] Response sent: status=304
[10/Feb/2025 21:20:59] INFO [default:13] Response sent: status=304
[10/Feb/2025 21:20:59] INFO [default:13] Response sent: status=304
[10/Feb/2025 21:21:00] INFO [default:13] Response sent: status=304
[10/Feb/2025 21:21:00] INFO [default:13] Response sent: status=304
[10/Feb/2025 21:21:14] INFO [default:13] Response sent: status=200
[10/Feb/2025 21:21:25] INFO [default:13] Response sent: status=200
[10/Feb/2025 21:21:26] INFO [default:13] Response sent: status=200
[10/Feb/2025 21:22:22] INFO [default:13] Response sent: status=200
[10/Feb/2025 21:27:30] INFO [default:13] Response sent: status=200
[10/Feb/2025 22:00:55] INFO [default:13] Response sent: status=200
[10/Feb/2025 22:00:55] INFO [default:13] Response sent: status=404
[10/Feb/2025 22:01:02] INFO [default:13] Response sent: status=200
[10/Feb/2025 22:28:27] INFO [default:13] Response sent: status=200
[10/Feb/2025 22:31:16] INFO [default:13] Response sent: status=200
[10/Feb/2025 22:36:04] INFO [default:13] Response sent: status=200
[10/Feb/2025 22:36:05] INFO [default:13] Response sent: status=200
[10/Feb/2025 22:36:14] INFO [default:13] Response sent: status=200
[10/Feb/2025 22:36:17] INFO [default:13] Response sent: status=200
[10/Feb/2025 22:38:52] INFO [default:13] Response sent: status=302
[10/Feb/2025 22:38:52] INFO [default:13] Response sent: status=200
[10/Feb/2025 22:44:52] INFO [default:13] Response sent: status=200
[10/Feb/2025 22:45:19] INFO [default:13] Response sent: status=302
[10/Feb/2025 22:45:19] INFO [default:13] Response sent: status=200
[10/Feb/2025 22:45:23] INFO [default:13] Response sent: status=200
[10/Feb/2025 22:45:30] INFO [default:13] Response sent: status=302
[10/Feb/2025 22:45:30] INFO [default:13] Response sent: status=200
[10/Feb/2025 22:45:59] INFO [default:13] Response sent: status=302
[10/Feb/2025 22:45:59] INFO [default:13] Response sent: status=200
[10/Feb/2025 22:47:53] INFO [default:13] Response sent: status=302
[10/Feb/2025 22:47:53] INFO [default:13] Response sent: status=200
[10/Feb/2025 22:48:05] INFO [default:13] Response sent: status=302
[10/Feb/2025 22:48:05] INFO [default:13] Response sent: status=200
[10/Feb/2025 22:48:18] INFO [default:13] Response sent: status=200
[10/Feb/2025 23:31:52] INFO [default:30] Request received: method=GET, path=/admin/admin_app/user/, user=lenovo
[10/Feb/2025 23:31:52] INFO [default:13] Response sent: status=200
[10/Feb/2025 23:31:52] INFO [default:13] Response sent: status=200
[10/Feb/2025 23:31:53] INFO [default:13] Response sent: status=200
[10/Feb/2025 23:31:53] INFO [default:13] Response sent: status=200
[10/Feb/2025 23:31:53] INFO [default:13] Response sent: status=200
[10/Feb/2025 23:38:31] INFO [default:13] Response sent: status=200
[10/Feb/2025 23:38:32] INFO [default:13] Response sent: status=200
[10/Feb/2025 23:40:10] INFO [default:13] Response sent: status=200
[10/Feb/2025 23:40:11] INFO [default:13] Response sent: status=200
[10/Feb/2025 23:43:16] INFO [default:30] Request received: method=GET, path=/admin/admin_app/student/, user=lenovo
[10/Feb/2025 23:43:16] INFO [default:13] Response sent: status=200
[10/Feb/2025 23:43:16] INFO [default:13] Response sent: status=200
[10/Feb/2025 23:46:21] INFO [default:13] Response sent: status=200
[10/Feb/2025 23:46:21] INFO [default:13] Response sent: status=200
[10/Feb/2025 23:48:30] INFO [default:30] Request received: method=GET, path=/admin/admin_app/student/, user=lenovo
[10/Feb/2025 23:48:30] INFO [default:13] Response sent: status=200
[10/Feb/2025 23:48:30] INFO [default:13] Response sent: status=200
[10/Feb/2025 23:48:32] INFO [default:13] Response sent: status=200
[10/Feb/2025 23:48:32] INFO [default:13] Response sent: status=200
[10/Feb/2025 23:48:39] INFO [default:30] Request received: method=GET, path=/admin/admin_app/student/, user=lenovo
[10/Feb/2025 23:48:39] INFO [default:13] Response sent: status=200
[10/Feb/2025 23:48:45] INFO [default:13] Response sent: status=200
[10/Feb/2025 23:48:45] INFO [default:13] Response sent: status=200
[10/Feb/2025 23:51:42] INFO [default:30] Request received: method=GET, path=/admin/admin_app/file/, user=lenovo
[10/Feb/2025 23:51:42] INFO [default:13] Response sent: status=200
[10/Feb/2025 23:51:43] INFO [default:13] Response sent: status=200
[10/Feb/2025 23:53:56] INFO [default:13] Response sent: status=200
[10/Feb/2025 23:53:56] INFO [default:13] Response sent: status=200
[10/Feb/2025 23:55:35] INFO [default:30] Request received: method=GET, path=/admin/admin_app/file/, user=lenovo
[10/Feb/2025 23:55:35] INFO [default:13] Response sent: status=200
[10/Feb/2025 23:55:35] INFO [default:13] Response sent: status=200
[10/Feb/2025 23:55:40] INFO [default:13] Response sent: status=200
[10/Feb/2025 23:55:40] INFO [default:13] Response sent: status=200
[10/Feb/2025 23:57:03] INFO [default:30] Request received: method=GET, path=/admin/admin_app/group/, user=lenovo
[10/Feb/2025 23:57:03] INFO [default:13] Response sent: status=200
[10/Feb/2025 23:57:03] INFO [default:13] Response sent: status=200
[10/Feb/2025 23:59:02] INFO [default:13] Response sent: status=200
[10/Feb/2025 23:59:02] INFO [default:13] Response sent: status=200
[11/Feb/2025 00:00:44] INFO [default:13] Response sent: status=200
[11/Feb/2025 00:00:44] INFO [default:13] Response sent: status=200
[11/Feb/2025 00:00:46] INFO [default:30] Request received: method=GET, path=/admin/admin_app/group/, user=lenovo
[11/Feb/2025 00:00:46] INFO [default:13] Response sent: status=200
[11/Feb/2025 00:00:46] INFO [default:13] Response sent: status=200
[11/Feb/2025 00:00:48] INFO [default:13] Response sent: status=200
[11/Feb/2025 00:00:48] INFO [default:13] Response sent: status=200
[11/Feb/2025 00:01:51] INFO [default:30] Request received: method=GET, path=/admin/admin_app/department/, user=lenovo
[11/Feb/2025 00:01:51] INFO [default:13] Response sent: status=200
[11/Feb/2025 00:01:52] INFO [default:13] Response sent: status=200
[11/Feb/2025 00:04:20] INFO [default:13] Response sent: status=200
[11/Feb/2025 00:04:20] INFO [default:13] Response sent: status=200
[11/Feb/2025 00:05:45] INFO [default:30] Request received: method=GET, path=/admin/admin_app/department/, user=lenovo
[11/Feb/2025 00:05:45] INFO [default:13] Response sent: status=200
[11/Feb/2025 00:05:45] INFO [default:13] Response sent: status=200
[11/Feb/2025 00:05:47] INFO [default:13] Response sent: status=200
[11/Feb/2025 00:05:47] INFO [default:13] Response sent: status=200
[11/Feb/2025 00:07:02] INFO [default:30] Request received: method=GET, path=/admin/admin_app/course/, user=lenovo
[11/Feb/2025 00:07:03] INFO [default:13] Response sent: status=200
[11/Feb/2025 00:07:03] INFO [default:13] Response sent: status=200
[11/Feb/2025 00:09:03] INFO [default:13] Response sent: status=200
[11/Feb/2025 00:09:03] INFO [default:13] Response sent: status=200
[11/Feb/2025 00:20:17] INFO [default:13] Response sent: status=200
[11/Feb/2025 00:20:17] INFO [default:13] Response sent: status=200
[11/Feb/2025 00:20:18] INFO [default:13] Response sent: status=200
[11/Feb/2025 00:20:18] INFO [default:13] Response sent: status=200
[11/Feb/2025 00:20:46] INFO [default:30] Request received: method=GET, path=/admin/admin_app/course/, user=lenovo
[11/Feb/2025 00:20:46] INFO [default:13] Response sent: status=200
[11/Feb/2025 00:20:46] INFO [default:13] Response sent: status=200
[11/Feb/2025 00:20:48] INFO [default:13] Response sent: status=200
[11/Feb/2025 00:20:49] INFO [default:13] Response sent: status=200
[11/Feb/2025 00:22:36] INFO [default:13] Response sent: status=200
[11/Feb/2025 00:22:36] INFO [default:13] Response sent: status=200
[11/Feb/2025 00:26:32] INFO [default:13] Response sent: status=200
[11/Feb/2025 00:26:33] INFO [default:13] Response sent: status=200
[11/Feb/2025 00:26:36] INFO [default:13] Response sent: status=200
[11/Feb/2025 00:26:38] INFO [default:13] Response sent: status=200
[11/Feb/2025 00:26:38] INFO [default:13] Response sent: status=200
[11/Feb/2025 00:26:41] INFO [default:13] Response sent: status=200
[11/Feb/2025 00:26:45] INFO [default:13] Response sent: status=200
[11/Feb/2025 00:26:46] INFO [default:13] Response sent: status=200
[11/Feb/2025 00:28:08] INFO [default:13] Response sent: status=200
[11/Feb/2025 00:28:08] INFO [default:13] Response sent: status=200
[11/Feb/2025 00:28:16] INFO [default:13] Response sent: status=200
[11/Feb/2025 00:28:16] INFO [default:13] Response sent: status=200
[11/Feb/2025 00:28:32] INFO [default:13] Response sent: status=200
[11/Feb/2025 00:28:32] INFO [default:13] Response sent: status=200
[11/Feb/2025 00:28:39] INFO [default:13] Response sent: status=200
[11/Feb/2025 00:28:39] INFO [default:13] Response sent: status=200
[11/Feb/2025 00:37:45] INFO [default:13] Response sent: status=200
[11/Feb/2025 00:37:45] INFO [default:13] Response sent: status=200
[11/Feb/2025 00:37:48] INFO [default:13] Response sent: status=200
[11/Feb/2025 00:37:50] INFO [default:13] Response sent: status=200
[11/Feb/2025 00:37:50] INFO [default:13] Response sent: status=200
[11/Feb/2025 00:44:49] INFO [default:13] Response sent: status=200
[11/Feb/2025 00:44:49] INFO [default:13] Response sent: status=200
[11/Feb/2025 00:52:46] INFO [default:13] Response sent: status=200
[11/Feb/2025 00:52:46] INFO [default:13] Response sent: status=200
[11/Feb/2025 00:52:50] INFO [default:13] Response sent: status=200
[11/Feb/2025 00:52:50] INFO [default:13] Response sent: status=200
[11/Feb/2025 00:54:05] INFO [default:13] Response sent: status=200
[11/Feb/2025 00:54:19] INFO [default:13] Response sent: status=200
[11/Feb/2025 00:54:37] INFO [default:13] Response sent: status=302
[11/Feb/2025 00:54:37] INFO [default:13] Response sent: status=200
[11/Feb/2025 00:54:38] INFO [default:13] Response sent: status=200
[11/Feb/2025 00:54:43] INFO [default:13] Response sent: status=200
[11/Feb/2025 00:55:03] INFO [default:13] Response sent: status=302
[11/Feb/2025 00:55:03] INFO [default:13] Response sent: status=200
[11/Feb/2025 00:55:05] INFO [default:13] Response sent: status=200
[11/Feb/2025 00:55:14] INFO [default:13] Response sent: status=302
[11/Feb/2025 00:55:14] INFO [default:13] Response sent: status=200
[11/Feb/2025 00:55:14] INFO [default:13] Response sent: status=200
[11/Feb/2025 00:56:34] INFO [default:13] Response sent: status=200
[11/Feb/2025 00:58:19] INFO [default:13] Response sent: status=200
[11/Feb/2025 00:59:54] INFO [default:13] Response sent: status=200
[11/Feb/2025 01:00:51] INFO [default:13] Response sent: status=200
[11/Feb/2025 01:01:04] INFO [default:13] Response sent: status=200
[11/Feb/2025 01:01:41] INFO [default:13] Response sent: status=200
[11/Feb/2025 01:01:42] INFO [default:13] Response sent: status=200
[11/Feb/2025 01:01:42] INFO [default:13] Response sent: status=200
[11/Feb/2025 01:01:42] INFO [default:13] Response sent: status=200
[11/Feb/2025 01:01:42] INFO [default:13] Response sent: status=200
[11/Feb/2025 01:04:20] INFO [default:13] Response sent: status=200
[11/Feb/2025 01:05:42] INFO [default:13] Response sent: status=200
[11/Feb/2025 01:07:44] INFO [default:13] Response sent: status=200
[11/Feb/2025 01:09:57] INFO [default:13] Response sent: status=200
[11/Feb/2025 01:11:32] INFO [default:13] Response sent: status=200
[11/Feb/2025 01:11:38] INFO [default:13] Response sent: status=200
[11/Feb/2025 01:11:38] INFO [default:13] Response sent: status=200
[11/Feb/2025 01:11:38] INFO [default:13] Response sent: status=200
[11/Feb/2025 01:11:38] INFO [default:13] Response sent: status=200
[11/Feb/2025 01:11:38] INFO [default:13] Response sent: status=200
[11/Feb/2025 01:11:38] INFO [default:13] Response sent: status=200
[11/Feb/2025 01:11:38] INFO [default:13] Response sent: status=200
[11/Feb/2025 01:11:38] INFO [default:13] Response sent: status=200
[11/Feb/2025 01:11:39] INFO [default:13] Response sent: status=200
[11/Feb/2025 01:11:39] INFO [default:13] Response sent: status=200
[11/Feb/2025 01:11:49] INFO [default:13] Response sent: status=200
[11/Feb/2025 01:12:07] INFO [default:13] Response sent: status=200
[11/Feb/2025 01:12:09] INFO [default:13] Response sent: status=200
[11/Feb/2025 01:12:27] INFO [default:13] Response sent: status=302
[11/Feb/2025 01:12:27] INFO [default:13] Response sent: status=200
[11/Feb/2025 01:12:31] INFO [default:13] Response sent: status=200
[11/Feb/2025 01:12:40] INFO [default:13] Response sent: status=302
[11/Feb/2025 01:12:40] INFO [default:13] Response sent: status=200
[11/Feb/2025 01:12:46] INFO [default:13] Response sent: status=302
[11/Feb/2025 01:12:46] INFO [default:13] Response sent: status=200
[11/Feb/2025 01:12:49] INFO [default:13] Response sent: status=200
[11/Feb/2025 01:12:57] INFO [default:13] Response sent: status=302
[11/Feb/2025 01:12:57] INFO [default:13] Response sent: status=200
[11/Feb/2025 01:12:57] INFO [default:13] Response sent: status=200
[11/Feb/2025 01:13:02] INFO [default:13] Response sent: status=200
[11/Feb/2025 01:13:02] INFO [default:13] Response sent: status=200
[11/Feb/2025 01:13:02] INFO [default:13] Response sent: status=200
[11/Feb/2025 01:13:02] INFO [default:13] Response sent: status=200
[11/Feb/2025 01:13:02] INFO [default:13] Response sent: status=200
[11/Feb/2025 01:13:02] INFO [default:13] Response sent: status=200
[11/Feb/2025 01:13:02] INFO [default:13] Response sent: status=200
[11/Feb/2025 01:13:02] INFO [default:13] Response sent: status=200
[11/Feb/2025 01:13:02] INFO [default:13] Response sent: status=200
[11/Feb/2025 01:13:02] INFO [default:13] Response sent: status=200
[11/Feb/2025 01:13:02] INFO [default:13] Response sent: status=200
[11/Feb/2025 01:13:02] INFO [default:13] Response sent: status=200
[11/Feb/2025 01:13:02] INFO [default:13] Response sent: status=200
[11/Feb/2025 01:13:02] INFO [default:13] Response sent: status=200
[11/Feb/2025 01:15:10] INFO [default:13] Response sent: status=200
[11/Feb/2025 01:24:39] INFO [default:13] Response sent: status=200
[11/Feb/2025 01:26:06] INFO [default:13] Response sent: status=404
[11/Feb/2025 01:26:06] INFO [default:13] Response sent: status=200
[11/Feb/2025 01:26:11] INFO [default:13] Response sent: status=200
[11/Feb/2025 01:28:03] INFO [default:13] Response sent: status=200
[11/Feb/2025 01:28:12] INFO [default:13] Response sent: status=200
[11/Feb/2025 01:28:30] INFO [default:13] Response sent: status=200
[11/Feb/2025 01:30:22] INFO [default:13] Response sent: status=200
[11/Feb/2025 01:41:35] INFO [default:13] Response sent: status=200
[11/Feb/2025 01:46:12] INFO [default:13] Response sent: status=200
[11/Feb/2025 01:46:19] INFO [default:13] Response sent: status=200
[11/Feb/2025 01:48:05] INFO [default:13] Response sent: status=302
[11/Feb/2025 01:48:05] INFO [default:13] Response sent: status=200
[11/Feb/2025 01:49:05] INFO [default:13] Response sent: status=200
[11/Feb/2025 01:49:14] INFO [default:13] Response sent: status=302
[11/Feb/2025 01:49:15] INFO [default:13] Response sent: status=200
[11/Feb/2025 01:49:15] INFO [default:13] Response sent: status=200
[11/Feb/2025 02:04:07] INFO [default:13] Response sent: status=200
[11/Feb/2025 02:04:09] INFO [default:13] Response sent: status=302
[11/Feb/2025 02:04:09] INFO [default:13] Response sent: status=200
[11/Feb/2025 09:20:32] INFO [default:13] Response sent: status=200
[11/Feb/2025 09:20:33] INFO [default:13] Response sent: status=404
[11/Feb/2025 09:24:02] INFO [default:13] Response sent: status=200
[11/Feb/2025 09:24:08] INFO [default:13] Response sent: status=200
[11/Feb/2025 09:24:08] INFO [default:13] Response sent: status=500
[11/Feb/2025 09:24:08] INFO [default:13] Response sent: status=500
[11/Feb/2025 09:24:08] INFO [default:13] Response sent: status=500
[11/Feb/2025 09:24:08] INFO [default:13] Response sent: status=500
[11/Feb/2025 09:24:08] INFO [default:13] Response sent: status=500
[11/Feb/2025 09:24:32] INFO [default:13] Response sent: status=302
[11/Feb/2025 09:24:32] INFO [default:13] Response sent: status=200
[11/Feb/2025 09:24:33] INFO [default:13] Response sent: status=500
[11/Feb/2025 09:24:33] INFO [default:13] Response sent: status=500
[11/Feb/2025 09:24:33] INFO [default:13] Response sent: status=500
[11/Feb/2025 09:24:33] INFO [default:13] Response sent: status=500
[11/Feb/2025 09:24:33] INFO [default:13] Response sent: status=500
[11/Feb/2025 09:24:47] INFO [default:13] Response sent: status=200
[11/Feb/2025 09:24:47] INFO [default:13] Response sent: status=500
[11/Feb/2025 09:24:47] INFO [default:13] Response sent: status=500
[11/Feb/2025 09:24:47] INFO [default:13] Response sent: status=500
[11/Feb/2025 09:24:47] INFO [default:13] Response sent: status=500
[11/Feb/2025 09:24:48] INFO [default:13] Response sent: status=500
[11/Feb/2025 09:24:51] INFO [default:13] Response sent: status=200
[11/Feb/2025 09:25:01] INFO [default:13] Response sent: status=404
[11/Feb/2025 09:25:09] INFO [default:13] Response sent: status=404
[11/Feb/2025 09:25:19] INFO [default:13] Response sent: status=200
[11/Feb/2025 09:25:34] INFO [default:13] Response sent: status=200
[11/Feb/2025 09:25:42] INFO [default:13] Response sent: status=304
[11/Feb/2025 09:25:54] INFO [default:13] Response sent: status=200
[11/Feb/2025 09:25:54] INFO [default:13] Response sent: status=500
[11/Feb/2025 09:25:54] INFO [default:13] Response sent: status=500
[11/Feb/2025 09:25:54] INFO [default:13] Response sent: status=500
[11/Feb/2025 09:25:54] INFO [default:13] Response sent: status=500
[11/Feb/2025 09:25:54] INFO [default:13] Response sent: status=500
[11/Feb/2025 09:25:59] INFO [default:13] Response sent: status=200
[11/Feb/2025 09:26:10] INFO [default:13] Response sent: status=200
[11/Feb/2025 09:26:22] INFO [default:13] Response sent: status=200
[11/Feb/2025 09:26:26] INFO [default:13] Response sent: status=200
[11/Feb/2025 09:26:27] INFO [default:13] Response sent: status=500
[11/Feb/2025 09:26:27] INFO [default:13] Response sent: status=500
[11/Feb/2025 09:26:27] INFO [default:13] Response sent: status=500
[11/Feb/2025 09:26:27] INFO [default:13] Response sent: status=500
[11/Feb/2025 09:26:27] INFO [default:13] Response sent: status=500
[11/Feb/2025 09:26:31] INFO [default:13] Response sent: status=200
[11/Feb/2025 09:26:32] INFO [default:13] Response sent: status=500
[11/Feb/2025 09:26:32] INFO [default:13] Response sent: status=500
[11/Feb/2025 09:26:32] INFO [default:13] Response sent: status=500
[11/Feb/2025 09:26:32] INFO [default:13] Response sent: status=500
[11/Feb/2025 09:26:32] INFO [default:13] Response sent: status=500
[11/Feb/2025 09:26:38] INFO [default:13] Response sent: status=200
[11/Feb/2025 09:26:38] INFO [default:13] Response sent: status=500
[11/Feb/2025 09:26:38] INFO [default:13] Response sent: status=500
[11/Feb/2025 09:26:38] INFO [default:13] Response sent: status=500
[11/Feb/2025 09:26:38] INFO [default:13] Response sent: status=500
[11/Feb/2025 09:26:38] INFO [default:13] Response sent: status=500
[11/Feb/2025 09:26:58] INFO [default:13] Response sent: status=200
[11/Feb/2025 09:26:58] INFO [default:13] Response sent: status=500
[11/Feb/2025 09:26:58] INFO [default:13] Response sent: status=500
[11/Feb/2025 09:26:58] INFO [default:13] Response sent: status=500
[11/Feb/2025 09:26:58] INFO [default:13] Response sent: status=500
[11/Feb/2025 09:26:58] INFO [default:13] Response sent: status=500
[11/Feb/2025 09:27:11] INFO [default:13] Response sent: status=200
[11/Feb/2025 09:27:15] INFO [default:30] Request received: method=GET, path=/admin/admin_app/user/, user=lenovo
[11/Feb/2025 09:27:16] INFO [default:13] Response sent: status=200
[11/Feb/2025 09:27:16] INFO [default:13] Response sent: status=500
[11/Feb/2025 09:27:16] INFO [default:13] Response sent: status=200
[11/Feb/2025 09:27:16] INFO [default:13] Response sent: status=200
[11/Feb/2025 09:27:16] INFO [default:13] Response sent: status=500
[11/Feb/2025 09:27:16] INFO [default:13] Response sent: status=200
[11/Feb/2025 09:27:16] INFO [default:13] Response sent: status=200
[11/Feb/2025 09:27:19] INFO [default:13] Response sent: status=200
[11/Feb/2025 09:27:19] INFO [default:13] Response sent: status=200
[11/Feb/2025 09:27:19] INFO [default:13] Response sent: status=500
[11/Feb/2025 09:27:20] INFO [default:13] Response sent: status=500
[11/Feb/2025 09:27:38] INFO [default:13] Response sent: status=200
[11/Feb/2025 09:27:38] INFO [default:13] Response sent: status=500
[11/Feb/2025 09:27:38] INFO [default:13] Response sent: status=500
[11/Feb/2025 09:27:38] INFO [default:13] Response sent: status=200
[11/Feb/2025 09:27:49] INFO [default:13] Response sent: status=200
[11/Feb/2025 09:27:50] INFO [default:13] Response sent: status=500
[11/Feb/2025 09:27:50] INFO [default:13] Response sent: status=200
[11/Feb/2025 09:27:50] INFO [default:13] Response sent: status=500
[11/Feb/2025 09:27:56] INFO [default:13] Response sent: status=302
[11/Feb/2025 09:27:56] INFO [default:30] Request received: method=GET, path=/admin/admin_app/user/, user=lenovo
[11/Feb/2025 09:27:56] INFO [default:13] Response sent: status=200
[11/Feb/2025 09:27:56] INFO [default:13] Response sent: status=200
[11/Feb/2025 09:27:57] INFO [default:13] Response sent: status=500
[11/Feb/2025 09:27:57] INFO [default:13] Response sent: status=500
[11/Feb/2025 09:28:04] INFO [default:30] Request received: method=GET, path=/admin/admin_app/file/, user=lenovo
[11/Feb/2025 09:28:04] INFO [default:13] Response sent: status=200
[11/Feb/2025 09:28:05] INFO [default:13] Response sent: status=200
[11/Feb/2025 09:28:05] INFO [default:13] Response sent: status=500
[11/Feb/2025 09:28:05] INFO [default:13] Response sent: status=500
[11/Feb/2025 09:28:17] INFO [default:30] Request received: method=POST, path=/admin/admin_app/file/, user=lenovo
[11/Feb/2025 09:28:17] INFO [default:13] Response sent: status=200
[11/Feb/2025 09:28:17] INFO [default:13] Response sent: status=500
[11/Feb/2025 09:28:17] INFO [default:13] Response sent: status=500
[11/Feb/2025 09:28:17] INFO [default:13] Response sent: status=500
[11/Feb/2025 09:28:19] INFO [default:30] Request received: method=POST, path=/admin/admin_app/file/, user=lenovo
[11/Feb/2025 09:28:19] INFO [default:13] Response sent: status=302
[11/Feb/2025 09:28:19] INFO [default:30] Request received: method=GET, path=/admin/admin_app/file/, user=lenovo
[11/Feb/2025 09:28:19] INFO [default:13] Response sent: status=200
[11/Feb/2025 09:28:19] INFO [default:13] Response sent: status=200
[11/Feb/2025 09:28:19] INFO [default:13] Response sent: status=500
[11/Feb/2025 09:28:19] INFO [default:13] Response sent: status=500
[11/Feb/2025 09:28:23] INFO [default:13] Response sent: status=200
[11/Feb/2025 09:28:23] INFO [default:13] Response sent: status=500
[11/Feb/2025 09:28:23] INFO [default:13] Response sent: status=200
[11/Feb/2025 09:28:23] INFO [default:13] Response sent: status=500
[11/Feb/2025 09:29:51] INFO [default:13] Response sent: status=302
[11/Feb/2025 09:29:51] INFO [default:30] Request received: method=GET, path=/admin/admin_app/file/, user=lenovo
[11/Feb/2025 09:29:51] INFO [default:13] Response sent: status=200
[11/Feb/2025 09:29:51] INFO [default:13] Response sent: status=200
[11/Feb/2025 09:29:51] INFO [default:13] Response sent: status=500
[11/Feb/2025 09:29:51] INFO [default:13] Response sent: status=500
[11/Feb/2025 09:30:11] INFO [default:30] Request received: method=GET, path=/admin/admin_app/department/, user=lenovo
[11/Feb/2025 09:30:12] INFO [default:13] Response sent: status=200
[11/Feb/2025 09:30:12] INFO [default:13] Response sent: status=500
[11/Feb/2025 09:30:12] INFO [default:13] Response sent: status=500
[11/Feb/2025 09:30:12] INFO [default:13] Response sent: status=200
[11/Feb/2025 09:30:15] INFO [default:13] Response sent: status=200
[11/Feb/2025 09:30:15] INFO [default:13] Response sent: status=500
[11/Feb/2025 09:30:15] INFO [default:13] Response sent: status=200
[11/Feb/2025 09:30:15] INFO [default:13] Response sent: status=500
[11/Feb/2025 09:30:23] INFO [default:30] Request received: method=GET, path=/admin/admin_app/department/, user=lenovo
[11/Feb/2025 09:30:23] INFO [default:13] Response sent: status=200
[11/Feb/2025 09:30:23] INFO [default:13] Response sent: status=200
[11/Feb/2025 09:30:23] INFO [default:13] Response sent: status=500
[11/Feb/2025 09:30:23] INFO [default:13] Response sent: status=500
[11/Feb/2025 09:30:29] INFO [default:30] Request received: method=GET, path=/admin/admin_app/group/, user=lenovo
[11/Feb/2025 09:30:29] INFO [default:13] Response sent: status=200
[11/Feb/2025 09:30:29] INFO [default:13] Response sent: status=200
[11/Feb/2025 09:30:29] INFO [default:13] Response sent: status=500
[11/Feb/2025 09:30:29] INFO [default:13] Response sent: status=500
[11/Feb/2025 09:30:34] INFO [default:30] Request received: method=GET, path=/admin/admin_app/file/, user=lenovo
[11/Feb/2025 09:30:35] INFO [default:13] Response sent: status=200
[11/Feb/2025 09:30:35] INFO [default:13] Response sent: status=200
[11/Feb/2025 09:30:35] INFO [default:13] Response sent: status=500
[11/Feb/2025 09:30:35] INFO [default:13] Response sent: status=500
[11/Feb/2025 09:30:47] INFO [default:13] Response sent: status=200
[11/Feb/2025 09:30:47] INFO [default:13] Response sent: status=200
[11/Feb/2025 09:30:47] INFO [default:13] Response sent: status=500
[11/Feb/2025 09:30:47] INFO [default:13] Response sent: status=500
[11/Feb/2025 09:31:23] INFO [default:30] Request received: method=GET, path=/admin/admin_app/user/, user=lenovo
[11/Feb/2025 09:31:24] INFO [default:13] Response sent: status=200
[11/Feb/2025 09:31:24] INFO [default:13] Response sent: status=200
[11/Feb/2025 09:31:24] INFO [default:13] Response sent: status=500
[11/Feb/2025 09:31:24] INFO [default:13] Response sent: status=500
[11/Feb/2025 09:31:27] INFO [default:30] Request received: method=GET, path=/admin/admin_app/file/, user=lenovo
[11/Feb/2025 09:31:27] INFO [default:13] Response sent: status=200
[11/Feb/2025 09:31:27] INFO [default:13] Response sent: status=200
[11/Feb/2025 09:31:27] INFO [default:13] Response sent: status=500
[11/Feb/2025 09:31:27] INFO [default:13] Response sent: status=500
[11/Feb/2025 09:31:31] INFO [default:13] Response sent: status=200
[11/Feb/2025 09:31:31] INFO [default:13] Response sent: status=500
[11/Feb/2025 09:31:31] INFO [default:13] Response sent: status=200
[11/Feb/2025 09:31:31] INFO [default:13] Response sent: status=500
[11/Feb/2025 09:31:37] INFO [default:13] Response sent: status=200
[11/Feb/2025 09:31:37] INFO [default:13] Response sent: status=200
[11/Feb/2025 09:31:37] INFO [default:13] Response sent: status=500
[11/Feb/2025 09:31:37] INFO [default:13] Response sent: status=500
[11/Feb/2025 09:31:41] INFO [default:13] Response sent: status=302
[11/Feb/2025 09:31:41] INFO [default:13] Response sent: status=200
[11/Feb/2025 09:31:41] INFO [default:13] Response sent: status=200
[11/Feb/2025 09:31:41] INFO [default:13] Response sent: status=500
[11/Feb/2025 09:31:41] INFO [default:13] Response sent: status=500
[11/Feb/2025 09:32:42] INFO [default:13] Response sent: status=200
[11/Feb/2025 09:32:42] INFO [default:13] Response sent: status=500
[11/Feb/2025 09:32:42] INFO [default:13] Response sent: status=500
[11/Feb/2025 09:32:42] INFO [default:13] Response sent: status=200
[11/Feb/2025 09:32:46] INFO [default:13] Response sent: status=302
[11/Feb/2025 09:32:46] INFO [default:13] Response sent: status=200
[11/Feb/2025 09:32:46] INFO [default:13] Response sent: status=500
[11/Feb/2025 09:32:46] INFO [default:13] Response sent: status=200
[11/Feb/2025 09:32:46] INFO [default:13] Response sent: status=500
[11/Feb/2025 09:32:51] INFO [default:13] Response sent: status=200
[11/Feb/2025 09:32:51] INFO [default:13] Response sent: status=200
[11/Feb/2025 09:32:51] INFO [default:13] Response sent: status=500
[11/Feb/2025 09:32:51] INFO [default:13] Response sent: status=500
[11/Feb/2025 09:32:54] INFO [default:13] Response sent: status=302
[11/Feb/2025 09:32:54] INFO [default:13] Response sent: status=200
[11/Feb/2025 09:32:54] INFO [default:13] Response sent: status=200
[11/Feb/2025 09:32:55] INFO [default:13] Response sent: status=500
[11/Feb/2025 09:32:55] INFO [default:13] Response sent: status=500
[11/Feb/2025 09:33:04] INFO [default:13] Response sent: status=302
[11/Feb/2025 09:33:04] INFO [default:13] Response sent: status=200
[11/Feb/2025 09:33:04] INFO [default:13] Response sent: status=200
[11/Feb/2025 09:33:04] INFO [default:13] Response sent: status=500
[11/Feb/2025 09:33:04] INFO [default:13] Response sent: status=500
[11/Feb/2025 09:33:43] INFO [default:30] Request received: method=GET, path=/admin/admin_app/user/, user=lenovo
[11/Feb/2025 09:33:43] INFO [default:13] Response sent: status=200
[11/Feb/2025 09:33:43] INFO [default:13] Response sent: status=500
[11/Feb/2025 09:33:43] INFO [default:13] Response sent: status=500
[11/Feb/2025 09:33:43] INFO [default:13] Response sent: status=200
[11/Feb/2025 09:33:45] INFO [default:13] Response sent: status=200
[11/Feb/2025 09:33:46] INFO [default:13] Response sent: status=200
[11/Feb/2025 09:33:46] INFO [default:13] Response sent: status=500
[11/Feb/2025 09:33:46] INFO [default:13] Response sent: status=500
[11/Feb/2025 09:35:42] INFO [default:13] Response sent: status=302
[11/Feb/2025 09:35:42] INFO [default:30] Request received: method=GET, path=/admin/admin_app/user/, user=lenovo
[11/Feb/2025 09:35:42] INFO [default:13] Response sent: status=200
[11/Feb/2025 09:35:42] INFO [default:13] Response sent: status=200
[11/Feb/2025 09:35:42] INFO [default:13] Response sent: status=500
[11/Feb/2025 09:35:42] INFO [default:13] Response sent: status=500
[11/Feb/2025 09:35:42] INFO [default:13] Response sent: status=200
[11/Feb/2025 09:35:50] INFO [default:13] Response sent: status=302
[11/Feb/2025 09:35:50] INFO [default:13] Response sent: status=200
[11/Feb/2025 09:35:51] INFO [default:13] Response sent: status=500
[11/Feb/2025 09:35:51] INFO [default:13] Response sent: status=500
[11/Feb/2025 09:35:51] INFO [default:13] Response sent: status=500
[11/Feb/2025 09:35:51] INFO [default:13] Response sent: status=500
[11/Feb/2025 09:35:51] INFO [default:13] Response sent: status=500
[11/Feb/2025 09:36:49] INFO [default:13] Response sent: status=500
[11/Feb/2025 09:37:10] INFO [default:13] Response sent: status=500
[11/Feb/2025 09:41:00] INFO [default:13] Response sent: status=200
[11/Feb/2025 09:41:00] INFO [default:13] Response sent: status=500
[11/Feb/2025 09:41:00] INFO [default:13] Response sent: status=500
[11/Feb/2025 09:41:00] INFO [default:13] Response sent: status=500
[11/Feb/2025 09:41:00] INFO [default:13] Response sent: status=500
[11/Feb/2025 09:41:00] INFO [default:13] Response sent: status=500
[11/Feb/2025 09:41:03] INFO [default:13] Response sent: status=500
[11/Feb/2025 09:41:36] INFO [default:13] Response sent: status=200
[11/Feb/2025 09:41:36] INFO [default:13] Response sent: status=500
[11/Feb/2025 09:41:36] INFO [default:13] Response sent: status=500
[11/Feb/2025 09:41:36] INFO [default:13] Response sent: status=500
[11/Feb/2025 09:41:36] INFO [default:13] Response sent: status=500
[11/Feb/2025 09:41:36] INFO [default:13] Response sent: status=500
[11/Feb/2025 09:41:39] INFO [default:13] Response sent: status=500
[11/Feb/2025 09:45:35] INFO [default:13] Response sent: status=500
[11/Feb/2025 09:47:22] INFO [default:13] Response sent: status=200
[11/Feb/2025 09:47:22] INFO [default:13] Response sent: status=500
[11/Feb/2025 09:47:22] INFO [default:13] Response sent: status=500
[11/Feb/2025 09:47:22] INFO [default:13] Response sent: status=500
[11/Feb/2025 09:47:22] INFO [default:13] Response sent: status=500
[11/Feb/2025 09:47:22] INFO [default:13] Response sent: status=500
[11/Feb/2025 09:53:15] INFO [default:13] Response sent: status=200
[11/Feb/2025 09:53:15] INFO [default:13] Response sent: status=500
[11/Feb/2025 09:53:15] INFO [default:13] Response sent: status=500
[11/Feb/2025 09:53:15] INFO [default:13] Response sent: status=200
[11/Feb/2025 09:53:15] INFO [default:13] Response sent: status=500
[11/Feb/2025 09:53:15] INFO [default:13] Response sent: status=500
[11/Feb/2025 09:53:15] INFO [default:13] Response sent: status=500
[11/Feb/2025 09:53:15] INFO [default:13] Response sent: status=200
[11/Feb/2025 09:53:15] INFO [default:13] Response sent: status=200
[11/Feb/2025 09:53:15] INFO [default:13] Response sent: status=200
[11/Feb/2025 09:53:15] INFO [default:13] Response sent: status=200
[11/Feb/2025 09:53:15] INFO [default:13] Response sent: status=200
[11/Feb/2025 09:53:15] INFO [default:13] Response sent: status=200
[11/Feb/2025 09:53:16] INFO [default:13] Response sent: status=200
[11/Feb/2025 09:53:16] INFO [default:13] Response sent: status=200
[11/Feb/2025 09:53:16] INFO [default:13] Response sent: status=200
[11/Feb/2025 09:53:16] INFO [default:13] Response sent: status=200
[11/Feb/2025 09:53:16] INFO [default:13] Response sent: status=304
[11/Feb/2025 09:53:22] INFO [default:13] Response sent: status=200
[11/Feb/2025 09:53:23] INFO [default:13] Response sent: status=500
[11/Feb/2025 09:53:23] INFO [default:13] Response sent: status=500
[11/Feb/2025 09:53:23] INFO [default:13] Response sent: status=500
[11/Feb/2025 09:53:23] INFO [default:13] Response sent: status=500
[11/Feb/2025 09:53:23] INFO [default:13] Response sent: status=500
[11/Feb/2025 09:53:35] INFO [default:13] Response sent: status=200
[11/Feb/2025 09:53:35] INFO [default:13] Response sent: status=500
[11/Feb/2025 09:53:37] INFO [default:13] Response sent: status=200
[11/Feb/2025 09:53:37] INFO [default:13] Response sent: status=200
[11/Feb/2025 09:53:37] INFO [default:13] Response sent: status=500
[11/Feb/2025 09:53:37] INFO [default:13] Response sent: status=500
[11/Feb/2025 09:53:42] INFO [default:13] Response sent: status=200
[11/Feb/2025 09:53:42] INFO [default:13] Response sent: status=200
[11/Feb/2025 09:53:42] INFO [default:13] Response sent: status=500
[11/Feb/2025 09:53:42] INFO [default:13] Response sent: status=500
[11/Feb/2025 09:53:51] INFO [default:13] Response sent: status=302
[11/Feb/2025 09:53:51] INFO [default:13] Response sent: status=200
[11/Feb/2025 09:53:51] INFO [default:13] Response sent: status=200
[11/Feb/2025 09:53:51] INFO [default:13] Response sent: status=500
[11/Feb/2025 09:53:51] INFO [default:13] Response sent: status=500
[11/Feb/2025 09:53:55] INFO [default:13] Response sent: status=302
[11/Feb/2025 09:53:55] INFO [default:13] Response sent: status=200
[11/Feb/2025 09:53:55] INFO [default:13] Response sent: status=500
[11/Feb/2025 09:53:55] INFO [default:13] Response sent: status=500
[11/Feb/2025 09:53:55] INFO [default:13] Response sent: status=500
[11/Feb/2025 09:53:55] INFO [default:13] Response sent: status=500
[11/Feb/2025 09:53:55] INFO [default:13] Response sent: status=500
[11/Feb/2025 09:53:59] INFO [default:13] Response sent: status=200
[11/Feb/2025 09:53:59] INFO [default:13] Response sent: status=500
[11/Feb/2025 09:53:59] INFO [default:13] Response sent: status=500
[11/Feb/2025 09:53:59] INFO [default:13] Response sent: status=500
[11/Feb/2025 09:53:59] INFO [default:13] Response sent: status=500
[11/Feb/2025 09:53:59] INFO [default:13] Response sent: status=500
[11/Feb/2025 09:54:02] INFO [default:13] Response sent: status=200
[11/Feb/2025 09:54:02] INFO [default:13] Response sent: status=500
[11/Feb/2025 09:54:02] INFO [default:13] Response sent: status=500
[11/Feb/2025 09:54:02] INFO [default:13] Response sent: status=500
[11/Feb/2025 09:54:02] INFO [default:13] Response sent: status=500
[11/Feb/2025 09:54:03] INFO [default:13] Response sent: status=500
[11/Feb/2025 09:54:35] INFO [default:13] Response sent: status=200
[11/Feb/2025 09:54:35] INFO [default:13] Response sent: status=500
[11/Feb/2025 09:54:35] INFO [default:13] Response sent: status=500
[11/Feb/2025 09:54:35] INFO [default:13] Response sent: status=500
[11/Feb/2025 09:54:35] INFO [default:13] Response sent: status=500
[11/Feb/2025 09:54:35] INFO [default:13] Response sent: status=500
[11/Feb/2025 09:54:47] INFO [default:13] Response sent: status=302
[11/Feb/2025 09:54:47] INFO [default:13] Response sent: status=200
[11/Feb/2025 09:54:47] INFO [default:13] Response sent: status=500
[11/Feb/2025 09:54:47] INFO [default:13] Response sent: status=500
[11/Feb/2025 09:54:47] INFO [default:13] Response sent: status=500
[11/Feb/2025 09:54:47] INFO [default:13] Response sent: status=500
[11/Feb/2025 09:54:47] INFO [default:13] Response sent: status=500
[11/Feb/2025 09:56:37] INFO [default:13] Response sent: status=200
[11/Feb/2025 09:56:41] INFO [default:13] Response sent: status=200
[11/Feb/2025 09:56:44] INFO [default:13] Response sent: status=302
[11/Feb/2025 09:56:44] INFO [default:13] Response sent: status=200
[11/Feb/2025 09:56:44] INFO [default:13] Response sent: status=500
[11/Feb/2025 09:56:50] INFO [default:13] Response sent: status=302
[11/Feb/2025 09:56:50] INFO [default:13] Response sent: status=200
[11/Feb/2025 09:56:51] INFO [default:13] Response sent: status=302
[11/Feb/2025 09:56:51] INFO [default:13] Response sent: status=200
[11/Feb/2025 09:56:51] INFO [default:13] Response sent: status=500
[11/Feb/2025 09:56:51] INFO [default:13] Response sent: status=500
[11/Feb/2025 09:56:51] INFO [default:13] Response sent: status=500
[11/Feb/2025 09:56:51] INFO [default:13] Response sent: status=500
[11/Feb/2025 09:56:51] INFO [default:13] Response sent: status=500
[11/Feb/2025 09:57:08] INFO [default:13] Response sent: status=302
[11/Feb/2025 09:57:08] INFO [default:13] Response sent: status=200
[11/Feb/2025 09:57:08] INFO [default:13] Response sent: status=200
[11/Feb/2025 09:57:08] INFO [default:13] Response sent: status=500
[11/Feb/2025 09:57:08] INFO [default:13] Response sent: status=500
[11/Feb/2025 09:57:08] INFO [default:13] Response sent: status=500
[11/Feb/2025 09:57:08] INFO [default:13] Response sent: status=500
[11/Feb/2025 09:57:08] INFO [default:13] Response sent: status=500
[11/Feb/2025 09:57:24] INFO [default:13] Response sent: status=200
[11/Feb/2025 09:57:26] INFO [default:13] Response sent: status=200
[11/Feb/2025 09:57:26] INFO [default:13] Response sent: status=200
[11/Feb/2025 09:57:26] INFO [default:13] Response sent: status=500
[11/Feb/2025 09:57:26] INFO [default:13] Response sent: status=500
[11/Feb/2025 09:57:36] INFO [default:30] Request received: method=GET, path=/admin/admin_app/user/, user=akram
[11/Feb/2025 09:57:36] INFO [default:13] Response sent: status=200
[11/Feb/2025 09:57:36] INFO [default:13] Response sent: status=200
[11/Feb/2025 09:57:36] INFO [default:13] Response sent: status=500
[11/Feb/2025 09:57:36] INFO [default:13] Response sent: status=500
[11/Feb/2025 09:57:37] INFO [default:13] Response sent: status=200
[11/Feb/2025 09:57:37] INFO [default:13] Response sent: status=200
[11/Feb/2025 09:57:37] INFO [default:13] Response sent: status=200
[11/Feb/2025 09:58:14] INFO [default:13] Response sent: status=200
[11/Feb/2025 09:58:15] INFO [default:13] Response sent: status=500
[11/Feb/2025 09:58:15] INFO [default:13] Response sent: status=200
[11/Feb/2025 09:58:15] INFO [default:13] Response sent: status=500
[11/Feb/2025 09:58:28] INFO [default:13] Response sent: status=200
[11/Feb/2025 09:58:28] INFO [default:13] Response sent: status=200
[11/Feb/2025 09:58:28] INFO [default:13] Response sent: status=500
[11/Feb/2025 09:58:28] INFO [default:13] Response sent: status=500
[11/Feb/2025 09:58:39] INFO [default:13] Response sent: status=200
[11/Feb/2025 09:58:39] INFO [default:13] Response sent: status=200
[11/Feb/2025 09:58:39] INFO [default:13] Response sent: status=500
[11/Feb/2025 09:58:39] INFO [default:13] Response sent: status=500
[11/Feb/2025 09:58:54] INFO [default:13] Response sent: status=200
[11/Feb/2025 09:58:54] INFO [default:13] Response sent: status=500
[11/Feb/2025 09:58:54] INFO [default:13] Response sent: status=500
[11/Feb/2025 09:58:54] INFO [default:13] Response sent: status=200
[11/Feb/2025 09:58:56] INFO [default:30] Request received: method=GET, path=/admin/admin_app/user/, user=akram
[11/Feb/2025 09:58:57] INFO [default:13] Response sent: status=200
[11/Feb/2025 09:58:57] INFO [default:13] Response sent: status=500
[11/Feb/2025 09:58:57] INFO [default:13] Response sent: status=200
[11/Feb/2025 09:58:57] INFO [default:13] Response sent: status=500
[11/Feb/2025 09:59:33] INFO [default:30] Request received: method=GET, path=/admin/admin_app/user/?q=ali, user=akram
[11/Feb/2025 09:59:33] INFO [default:13] Response sent: status=200
[11/Feb/2025 09:59:33] INFO [default:13] Response sent: status=200
[11/Feb/2025 09:59:33] INFO [default:13] Response sent: status=500
[11/Feb/2025 09:59:33] INFO [default:13] Response sent: status=500
[11/Feb/2025 10:00:30] INFO [default:13] Response sent: status=200
[11/Feb/2025 10:00:31] INFO [default:13] Response sent: status=200
[11/Feb/2025 10:00:31] INFO [default:13] Response sent: status=500
[11/Feb/2025 10:00:31] INFO [default:13] Response sent: status=500
[11/Feb/2025 10:00:37] INFO [default:13] Response sent: status=302
[11/Feb/2025 10:00:38] INFO [default:30] Request received: method=GET, path=/admin/admin_app/user/?q=ali, user=akram
[11/Feb/2025 10:00:38] INFO [default:13] Response sent: status=200
[11/Feb/2025 10:00:38] INFO [default:13] Response sent: status=200
[11/Feb/2025 10:00:38] INFO [default:13] Response sent: status=500
[11/Feb/2025 10:00:38] INFO [default:13] Response sent: status=500
[11/Feb/2025 10:00:45] INFO [default:13] Response sent: status=200
[11/Feb/2025 10:00:45] INFO [default:13] Response sent: status=200
[11/Feb/2025 10:00:45] INFO [default:13] Response sent: status=500
[11/Feb/2025 10:00:45] INFO [default:13] Response sent: status=500
[11/Feb/2025 10:00:52] INFO [default:30] Request received: method=GET, path=/admin/admin_app/user/, user=akram
[11/Feb/2025 10:00:52] INFO [default:13] Response sent: status=200
[11/Feb/2025 10:00:52] INFO [default:13] Response sent: status=200
[11/Feb/2025 10:00:52] INFO [default:13] Response sent: status=500
[11/Feb/2025 10:00:52] INFO [default:13] Response sent: status=500
[11/Feb/2025 10:00:52] INFO [default:13] Response sent: status=304
[11/Feb/2025 10:00:56] INFO [default:13] Response sent: status=200
[11/Feb/2025 10:00:56] INFO [default:13] Response sent: status=200
[11/Feb/2025 10:00:56] INFO [default:13] Response sent: status=500
[11/Feb/2025 10:00:56] INFO [default:13] Response sent: status=500
[11/Feb/2025 10:01:04] INFO [default:13] Response sent: status=302
[11/Feb/2025 10:01:04] INFO [default:30] Request received: method=GET, path=/admin/admin_app/user/, user=akram
[11/Feb/2025 10:01:04] INFO [default:13] Response sent: status=200
[11/Feb/2025 10:01:04] INFO [default:13] Response sent: status=500
[11/Feb/2025 10:01:04] INFO [default:13] Response sent: status=500
[11/Feb/2025 10:01:05] INFO [default:13] Response sent: status=200
[11/Feb/2025 10:01:15] INFO [default:13] Response sent: status=200
[11/Feb/2025 10:01:15] INFO [default:13] Response sent: status=500
[11/Feb/2025 10:01:15] INFO [default:13] Response sent: status=500
[11/Feb/2025 10:01:15] INFO [default:13] Response sent: status=200
[11/Feb/2025 10:01:32] INFO [default:13] Response sent: status=200
[11/Feb/2025 10:01:32] INFO [default:13] Response sent: status=200
[11/Feb/2025 10:01:32] INFO [default:13] Response sent: status=500
[11/Feb/2025 10:01:32] INFO [default:13] Response sent: status=500
[11/Feb/2025 10:01:47] INFO [default:13] Response sent: status=200
[11/Feb/2025 10:01:48] INFO [default:13] Response sent: status=200
[11/Feb/2025 10:01:48] INFO [default:13] Response sent: status=500
[11/Feb/2025 10:01:48] INFO [default:13] Response sent: status=500
[11/Feb/2025 10:01:54] INFO [default:13] Response sent: status=200
[11/Feb/2025 10:01:54] INFO [default:13] Response sent: status=500
[11/Feb/2025 10:01:54] INFO [default:13] Response sent: status=200
[11/Feb/2025 10:01:54] INFO [default:13] Response sent: status=500
[11/Feb/2025 10:02:04] INFO [default:13] Response sent: status=302
[11/Feb/2025 10:02:04] INFO [default:30] Request received: method=GET, path=/admin/admin_app/user/, user=akram
[11/Feb/2025 10:02:05] INFO [default:13] Response sent: status=200
[11/Feb/2025 10:02:05] INFO [default:13] Response sent: status=200
[11/Feb/2025 10:02:05] INFO [default:13] Response sent: status=500
[11/Feb/2025 10:02:05] INFO [default:13] Response sent: status=500
[11/Feb/2025 10:03:17] INFO [default:13] Response sent: status=302
[11/Feb/2025 10:03:17] INFO [default:13] Response sent: status=200
[11/Feb/2025 10:03:17] INFO [default:13] Response sent: status=500
[11/Feb/2025 10:03:17] INFO [default:13] Response sent: status=500
[11/Feb/2025 10:03:17] INFO [default:13] Response sent: status=500
[11/Feb/2025 10:03:17] INFO [default:13] Response sent: status=500
[11/Feb/2025 10:03:17] INFO [default:13] Response sent: status=500
[11/Feb/2025 10:03:17] INFO [default:13] Response sent: status=500
[11/Feb/2025 10:03:23] INFO [default:13] Response sent: status=200
[11/Feb/2025 10:03:23] INFO [default:13] Response sent: status=200
[11/Feb/2025 10:03:23] INFO [default:13] Response sent: status=500
[11/Feb/2025 10:03:23] INFO [default:13] Response sent: status=500
[11/Feb/2025 10:03:23] INFO [default:13] Response sent: status=500
[11/Feb/2025 10:03:23] INFO [default:13] Response sent: status=500
[11/Feb/2025 10:03:23] INFO [default:13] Response sent: status=500
[11/Feb/2025 10:03:23] INFO [default:13] Response sent: status=500
[11/Feb/2025 10:03:23] INFO [default:13] Response sent: status=200
[11/Feb/2025 10:03:23] INFO [default:13] Response sent: status=200
[11/Feb/2025 10:03:23] INFO [default:13] Response sent: status=200
[11/Feb/2025 10:03:23] INFO [default:13] Response sent: status=200
[11/Feb/2025 10:03:23] INFO [default:13] Response sent: status=200
[11/Feb/2025 10:03:23] INFO [default:13] Response sent: status=200
[11/Feb/2025 10:03:23] INFO [default:13] Response sent: status=200
[11/Feb/2025 10:03:23] INFO [default:13] Response sent: status=200
[11/Feb/2025 10:03:23] INFO [default:13] Response sent: status=200
[11/Feb/2025 10:03:23] INFO [default:13] Response sent: status=200
[11/Feb/2025 10:04:21] INFO [default:13] Response sent: status=200
[11/Feb/2025 10:04:21] INFO [default:13] Response sent: status=200
[11/Feb/2025 10:04:22] INFO [default:13] Response sent: status=304
[11/Feb/2025 10:04:22] INFO [default:13] Response sent: status=500
[11/Feb/2025 10:04:22] INFO [default:13] Response sent: status=500
[11/Feb/2025 10:04:22] INFO [default:13] Response sent: status=500
[11/Feb/2025 10:04:22] INFO [default:13] Response sent: status=500
[11/Feb/2025 10:04:22] INFO [default:13] Response sent: status=500
[11/Feb/2025 10:04:22] INFO [default:13] Response sent: status=500
[11/Feb/2025 10:04:31] INFO [default:13] Response sent: status=200
[11/Feb/2025 10:04:34] INFO [default:30] Request received: method=GET, path=/admin/admin_app/user/, user=akram
[11/Feb/2025 10:04:34] INFO [default:13] Response sent: status=200
[11/Feb/2025 10:04:34] INFO [default:13] Response sent: status=500
[11/Feb/2025 10:04:34] INFO [default:13] Response sent: status=500
[11/Feb/2025 10:04:34] INFO [default:13] Response sent: status=200
[11/Feb/2025 10:04:57] INFO [default:13] Response sent: status=302
[11/Feb/2025 10:04:57] INFO [default:13] Response sent: status=200
[11/Feb/2025 10:04:57] INFO [default:13] Response sent: status=500
[11/Feb/2025 10:04:57] INFO [default:13] Response sent: status=500
[11/Feb/2025 10:04:57] INFO [default:13] Response sent: status=500
[11/Feb/2025 10:04:57] INFO [default:13] Response sent: status=500
[11/Feb/2025 10:04:57] INFO [default:13] Response sent: status=500
[11/Feb/2025 10:04:57] INFO [default:13] Response sent: status=500
[11/Feb/2025 10:05:01] INFO [default:13] Response sent: status=200
[11/Feb/2025 10:05:01] INFO [default:13] Response sent: status=500
[11/Feb/2025 10:05:01] INFO [default:13] Response sent: status=500
[11/Feb/2025 10:05:01] INFO [default:13] Response sent: status=500
[11/Feb/2025 10:05:01] INFO [default:13] Response sent: status=500
[11/Feb/2025 10:05:01] INFO [default:13] Response sent: status=500
[11/Feb/2025 10:05:01] INFO [default:13] Response sent: status=500
[11/Feb/2025 10:05:36] INFO [default:13] Response sent: status=302
[11/Feb/2025 10:05:37] INFO [default:13] Response sent: status=200
[11/Feb/2025 10:05:37] INFO [default:13] Response sent: status=500
[11/Feb/2025 10:05:37] INFO [default:13] Response sent: status=500
[11/Feb/2025 10:05:37] INFO [default:13] Response sent: status=500
[11/Feb/2025 10:05:37] INFO [default:13] Response sent: status=500
[11/Feb/2025 10:05:37] INFO [default:13] Response sent: status=500
[11/Feb/2025 10:05:37] INFO [default:13] Response sent: status=500
[11/Feb/2025 10:06:01] INFO [default:13] Response sent: status=404
[11/Feb/2025 10:06:01] INFO [default:13] Response sent: status=200
[11/Feb/2025 10:06:01] INFO [default:13] Response sent: status=500
[11/Feb/2025 10:06:01] INFO [default:13] Response sent: status=500
[11/Feb/2025 10:06:01] INFO [default:13] Response sent: status=500
[11/Feb/2025 10:06:01] INFO [default:13] Response sent: status=500
[11/Feb/2025 10:06:01] INFO [default:13] Response sent: status=500
[11/Feb/2025 10:06:01] INFO [default:13] Response sent: status=500
[11/Feb/2025 10:06:04] INFO [default:13] Response sent: status=200
[11/Feb/2025 10:06:04] INFO [default:13] Response sent: status=500
[11/Feb/2025 10:06:04] INFO [default:13] Response sent: status=500
[11/Feb/2025 10:06:04] INFO [default:13] Response sent: status=500
[11/Feb/2025 10:06:04] INFO [default:13] Response sent: status=500
[11/Feb/2025 10:06:04] INFO [default:13] Response sent: status=500
[11/Feb/2025 10:06:04] INFO [default:13] Response sent: status=500
[11/Feb/2025 10:06:17] INFO [default:13] Response sent: status=200
[11/Feb/2025 10:06:17] INFO [default:13] Response sent: status=500
[11/Feb/2025 10:06:17] INFO [default:13] Response sent: status=500
[11/Feb/2025 10:06:17] INFO [default:13] Response sent: status=500
[11/Feb/2025 10:06:17] INFO [default:13] Response sent: status=500
[11/Feb/2025 10:06:17] INFO [default:13] Response sent: status=500
[11/Feb/2025 10:06:17] INFO [default:13] Response sent: status=500
[11/Feb/2025 10:06:20] INFO [default:13] Response sent: status=200
[11/Feb/2025 10:06:26] INFO [default:13] Response sent: status=302
[11/Feb/2025 10:06:26] INFO [default:13] Response sent: status=200
[11/Feb/2025 10:06:26] INFO [default:13] Response sent: status=500
[11/Feb/2025 10:06:26] INFO [default:13] Response sent: status=500
[11/Feb/2025 10:06:26] INFO [default:13] Response sent: status=500
[11/Feb/2025 10:06:26] INFO [default:13] Response sent: status=500
[11/Feb/2025 10:06:26] INFO [default:13] Response sent: status=500
[11/Feb/2025 10:06:26] INFO [default:13] Response sent: status=500
[11/Feb/2025 10:06:29] INFO [default:13] Response sent: status=200
[11/Feb/2025 10:06:29] INFO [default:13] Response sent: status=500
[11/Feb/2025 10:06:29] INFO [default:13] Response sent: status=500
[11/Feb/2025 10:06:30] INFO [default:13] Response sent: status=500
[11/Feb/2025 10:06:30] INFO [default:13] Response sent: status=500
[11/Feb/2025 10:06:30] INFO [default:13] Response sent: status=500
[11/Feb/2025 10:06:30] INFO [default:13] Response sent: status=500
[11/Feb/2025 10:06:36] INFO [default:13] Response sent: status=200
[11/Feb/2025 10:06:36] INFO [default:13] Response sent: status=500
[11/Feb/2025 10:06:36] INFO [default:13] Response sent: status=500
[11/Feb/2025 10:06:36] INFO [default:13] Response sent: status=500
[11/Feb/2025 10:06:36] INFO [default:13] Response sent: status=500
[11/Feb/2025 10:06:36] INFO [default:13] Response sent: status=500
[11/Feb/2025 10:06:36] INFO [default:13] Response sent: status=500
[11/Feb/2025 10:07:27] INFO [default:13] Response sent: status=200
[11/Feb/2025 10:07:27] INFO [default:13] Response sent: status=304
[11/Feb/2025 10:07:27] INFO [default:13] Response sent: status=500
[11/Feb/2025 10:07:27] INFO [default:13] Response sent: status=500
[11/Feb/2025 10:07:27] INFO [default:13] Response sent: status=500
[11/Feb/2025 10:07:27] INFO [default:13] Response sent: status=500
[11/Feb/2025 10:07:27] INFO [default:13] Response sent: status=500
[11/Feb/2025 10:07:27] INFO [default:13] Response sent: status=500
[11/Feb/2025 10:07:30] INFO [default:13] Response sent: status=200
[11/Feb/2025 10:07:31] INFO [default:13] Response sent: status=500
[11/Feb/2025 10:07:31] INFO [default:13] Response sent: status=500
[11/Feb/2025 10:07:31] INFO [default:13] Response sent: status=500
[11/Feb/2025 10:07:31] INFO [default:13] Response sent: status=500
[11/Feb/2025 10:07:31] INFO [default:13] Response sent: status=500
[11/Feb/2025 10:07:31] INFO [default:13] Response sent: status=500
[11/Feb/2025 10:07:39] INFO [default:13] Response sent: status=200
[11/Feb/2025 10:07:39] INFO [default:13] Response sent: status=500
[11/Feb/2025 10:07:39] INFO [default:13] Response sent: status=500
[11/Feb/2025 10:07:39] INFO [default:13] Response sent: status=500
[11/Feb/2025 10:07:39] INFO [default:13] Response sent: status=500
[11/Feb/2025 10:07:39] INFO [default:13] Response sent: status=500
[11/Feb/2025 10:07:39] INFO [default:13] Response sent: status=500
[11/Feb/2025 10:08:46] INFO [default:13] Response sent: status=200
[11/Feb/2025 10:08:46] INFO [default:13] Response sent: status=500
[11/Feb/2025 10:08:46] INFO [default:13] Response sent: status=500
[11/Feb/2025 10:08:46] INFO [default:13] Response sent: status=500
[11/Feb/2025 10:08:46] INFO [default:13] Response sent: status=500
[11/Feb/2025 10:08:46] INFO [default:13] Response sent: status=500
[11/Feb/2025 10:08:46] INFO [default:13] Response sent: status=500
[11/Feb/2025 10:10:41] INFO [default:13] Response sent: status=200
[11/Feb/2025 10:10:41] INFO [default:13] Response sent: status=304
[11/Feb/2025 10:10:41] INFO [default:13] Response sent: status=500
[11/Feb/2025 10:10:41] INFO [default:13] Response sent: status=500
[11/Feb/2025 10:10:41] INFO [default:13] Response sent: status=500
[11/Feb/2025 10:10:41] INFO [default:13] Response sent: status=500
[11/Feb/2025 10:10:41] INFO [default:13] Response sent: status=500
[11/Feb/2025 10:10:41] INFO [default:13] Response sent: status=500
[11/Feb/2025 10:10:46] INFO [default:13] Response sent: status=200
[11/Feb/2025 10:10:47] INFO [default:13] Response sent: status=500
[11/Feb/2025 10:10:47] INFO [default:13] Response sent: status=500
[11/Feb/2025 10:10:47] INFO [default:13] Response sent: status=500
[11/Feb/2025 10:10:47] INFO [default:13] Response sent: status=500
[11/Feb/2025 10:10:47] INFO [default:13] Response sent: status=500
[11/Feb/2025 10:10:47] INFO [default:13] Response sent: status=500
[11/Feb/2025 10:10:55] INFO [default:13] Response sent: status=200
[11/Feb/2025 10:10:55] INFO [default:13] Response sent: status=500
[11/Feb/2025 10:10:55] INFO [default:13] Response sent: status=500
[11/Feb/2025 10:10:55] INFO [default:13] Response sent: status=500
[11/Feb/2025 10:10:55] INFO [default:13] Response sent: status=500
[11/Feb/2025 10:10:55] INFO [default:13] Response sent: status=500
[11/Feb/2025 10:10:55] INFO [default:13] Response sent: status=500
[11/Feb/2025 10:11:55] INFO [default:13] Response sent: status=200
[11/Feb/2025 10:11:55] INFO [default:13] Response sent: status=500
[11/Feb/2025 10:11:55] INFO [default:13] Response sent: status=500
[11/Feb/2025 10:11:55] INFO [default:13] Response sent: status=500
[11/Feb/2025 10:11:55] INFO [default:13] Response sent: status=500
[11/Feb/2025 10:11:55] INFO [default:13] Response sent: status=500
[11/Feb/2025 10:11:55] INFO [default:13] Response sent: status=500
[11/Feb/2025 10:13:19] INFO [default:13] Response sent: status=200
[11/Feb/2025 10:13:20] INFO [default:13] Response sent: status=500
[11/Feb/2025 10:13:20] INFO [default:13] Response sent: status=500
[11/Feb/2025 10:13:20] INFO [default:13] Response sent: status=500
[11/Feb/2025 10:13:20] INFO [default:13] Response sent: status=500
[11/Feb/2025 10:13:20] INFO [default:13] Response sent: status=500
[11/Feb/2025 10:13:20] INFO [default:13] Response sent: status=500
[11/Feb/2025 10:14:19] INFO [default:13] Response sent: status=302
[11/Feb/2025 10:14:19] INFO [default:13] Response sent: status=200
[11/Feb/2025 10:14:21] INFO [default:13] Response sent: status=200
[11/Feb/2025 10:14:21] INFO [default:13] Response sent: status=500
[11/Feb/2025 10:14:21] INFO [default:13] Response sent: status=500
[11/Feb/2025 10:14:21] INFO [default:13] Response sent: status=500
[11/Feb/2025 10:14:21] INFO [default:13] Response sent: status=500
[11/Feb/2025 10:14:21] INFO [default:13] Response sent: status=500
[11/Feb/2025 10:14:21] INFO [default:13] Response sent: status=500
[11/Feb/2025 10:14:32] INFO [default:13] Response sent: status=302
[11/Feb/2025 10:14:32] INFO [default:13] Response sent: status=200
[11/Feb/2025 10:14:32] INFO [default:13] Response sent: status=500
[11/Feb/2025 10:14:32] INFO [default:13] Response sent: status=500
[11/Feb/2025 10:14:33] INFO [default:13] Response sent: status=500
[11/Feb/2025 10:14:33] INFO [default:13] Response sent: status=500
[11/Feb/2025 10:14:33] INFO [default:13] Response sent: status=500
[11/Feb/2025 10:14:33] INFO [default:13] Response sent: status=500
[11/Feb/2025 10:18:03] INFO [default:13] Response sent: status=200
[11/Feb/2025 10:18:27] INFO [default:13] Response sent: status=302
[11/Feb/2025 10:18:27] INFO [default:13] Response sent: status=200
[11/Feb/2025 10:18:29] INFO [default:13] Response sent: status=200
[11/Feb/2025 10:18:45] INFO [default:13] Response sent: status=302
[11/Feb/2025 10:18:45] INFO [default:13] Response sent: status=200
[11/Feb/2025 10:18:45] INFO [default:13] Response sent: status=200
[11/Feb/2025 10:19:32] INFO [default:13] Response sent: status=200
[11/Feb/2025 10:19:36] INFO [default:13] Response sent: status=500
[11/Feb/2025 10:20:07] INFO [default:13] Response sent: status=200
[11/Feb/2025 10:20:09] INFO [default:13] Response sent: status=500
[11/Feb/2025 10:20:22] INFO [default:13] Response sent: status=500
[11/Feb/2025 10:20:25] INFO [default:13] Response sent: status=200
[11/Feb/2025 10:21:32] INFO [default:13] Response sent: status=200
[11/Feb/2025 10:21:39] INFO [default:13] Response sent: status=500
[11/Feb/2025 10:22:25] INFO [default:13] Response sent: status=200
[11/Feb/2025 10:22:46] INFO [default:13] Response sent: status=200
[11/Feb/2025 10:22:49] INFO [default:13] Response sent: status=200
[11/Feb/2025 10:23:04] INFO [default:13] Response sent: status=302
[11/Feb/2025 10:23:04] INFO [default:13] Response sent: status=200
[11/Feb/2025 10:23:04] INFO [default:13] Response sent: status=200
[11/Feb/2025 10:23:17] INFO [default:13] Response sent: status=200
[11/Feb/2025 10:23:20] INFO [default:13] Response sent: status=200
[11/Feb/2025 10:23:23] INFO [default:13] Response sent: status=200
[11/Feb/2025 10:23:26] INFO [default:13] Response sent: status=200
[11/Feb/2025 10:23:34] INFO [default:13] Response sent: status=200
[11/Feb/2025 10:23:37] INFO [default:13] Response sent: status=200
[11/Feb/2025 10:23:39] INFO [default:13] Response sent: status=200
[11/Feb/2025 10:23:39] INFO [default:13] Response sent: status=200
[11/Feb/2025 10:23:41] INFO [default:13] Response sent: status=200
[11/Feb/2025 10:23:42] INFO [default:13] Response sent: status=200
[11/Feb/2025 10:23:42] INFO [default:13] Response sent: status=200
[11/Feb/2025 10:23:42] INFO [default:13] Response sent: status=200
[11/Feb/2025 10:23:42] INFO [default:13] Response sent: status=200
[11/Feb/2025 10:23:45] INFO [default:13] Response sent: status=200
[11/Feb/2025 10:24:54] INFO [default:13] Response sent: status=200
[11/Feb/2025 10:25:03] INFO [default:13] Response sent: status=200
[11/Feb/2025 10:25:05] INFO [default:13] Response sent: status=200
[11/Feb/2025 10:25:05] INFO [default:13] Response sent: status=200
[11/Feb/2025 10:25:05] INFO [default:13] Response sent: status=200
[11/Feb/2025 10:25:05] INFO [default:13] Response sent: status=200
[11/Feb/2025 10:25:05] INFO [default:13] Response sent: status=200
[11/Feb/2025 10:25:05] INFO [default:13] Response sent: status=200
[11/Feb/2025 10:25:05] INFO [default:13] Response sent: status=200
[11/Feb/2025 10:25:05] INFO [default:13] Response sent: status=200
[11/Feb/2025 10:25:05] INFO [default:13] Response sent: status=200
[11/Feb/2025 10:25:05] INFO [default:13] Response sent: status=200
[11/Feb/2025 10:25:05] INFO [default:13] Response sent: status=200
[11/Feb/2025 10:25:28] INFO [default:13] Response sent: status=200
[11/Feb/2025 10:25:28] INFO [default:13] Response sent: status=304
[11/Feb/2025 10:25:28] INFO [default:13] Response sent: status=200
[11/Feb/2025 10:25:28] INFO [default:13] Response sent: status=200
[11/Feb/2025 10:25:28] INFO [default:13] Response sent: status=200
[11/Feb/2025 10:25:28] INFO [default:13] Response sent: status=200
[11/Feb/2025 10:25:28] INFO [default:13] Response sent: status=200
[11/Feb/2025 10:25:28] INFO [default:13] Response sent: status=200
[11/Feb/2025 10:25:28] INFO [default:13] Response sent: status=200
[11/Feb/2025 10:25:28] INFO [default:13] Response sent: status=200
[11/Feb/2025 10:25:28] INFO [default:13] Response sent: status=200
[11/Feb/2025 10:25:28] INFO [default:13] Response sent: status=200
[11/Feb/2025 10:25:29] INFO [default:13] Response sent: status=200
[11/Feb/2025 10:25:29] INFO [default:13] Response sent: status=200
[11/Feb/2025 10:25:29] INFO [default:13] Response sent: status=200
[11/Feb/2025 10:25:29] INFO [default:13] Response sent: status=200
[11/Feb/2025 10:25:31] INFO [default:13] Response sent: status=200
[11/Feb/2025 10:25:36] INFO [default:30] Request received: method=GET, path=/admin/admin_app/user/, user=akram
[11/Feb/2025 10:25:36] INFO [default:13] Response sent: status=200
[11/Feb/2025 10:25:36] INFO [default:13] Response sent: status=200
[11/Feb/2025 10:25:59] INFO [default:13] Response sent: status=200
[11/Feb/2025 10:25:59] INFO [default:13] Response sent: status=200
[11/Feb/2025 10:26:04] INFO [default:13] Response sent: status=200
[11/Feb/2025 10:26:04] INFO [default:13] Response sent: status=200
[11/Feb/2025 10:26:18] INFO [default:13] Response sent: status=302
[11/Feb/2025 10:26:19] INFO [default:13] Response sent: status=200
[11/Feb/2025 10:26:19] INFO [default:13] Response sent: status=200
[11/Feb/2025 10:26:26] INFO [default:13] Response sent: status=200
[11/Feb/2025 10:26:33] INFO [default:13] Response sent: status=200
[11/Feb/2025 10:26:40] INFO [default:13] Response sent: status=200
[11/Feb/2025 10:26:45] INFO [default:13] Response sent: status=200
[11/Feb/2025 10:26:46] INFO [default:13] Response sent: status=200
[11/Feb/2025 10:27:10] INFO [default:13] Response sent: status=302
[11/Feb/2025 10:27:11] INFO [default:13] Response sent: status=200
[11/Feb/2025 10:27:11] INFO [default:13] Response sent: status=200
[11/Feb/2025 10:27:16] INFO [default:13] Response sent: status=200
[11/Feb/2025 10:27:42] INFO [default:13] Response sent: status=302
[11/Feb/2025 10:27:42] INFO [default:13] Response sent: status=200
[11/Feb/2025 10:27:43] INFO [default:13] Response sent: status=200
[11/Feb/2025 10:27:54] INFO [default:13] Response sent: status=302
[11/Feb/2025 10:27:54] INFO [default:13] Response sent: status=200
[11/Feb/2025 10:27:59] INFO [default:13] Response sent: status=200
[11/Feb/2025 10:28:04] INFO [default:13] Response sent: status=404
[11/Feb/2025 10:28:05] INFO [default:13] Response sent: status=200
[11/Feb/2025 10:28:08] INFO [default:13] Response sent: status=404
[11/Feb/2025 10:28:08] INFO [default:13] Response sent: status=200
[11/Feb/2025 10:28:11] INFO [default:13] Response sent: status=404
[11/Feb/2025 10:28:12] INFO [default:13] Response sent: status=200
[11/Feb/2025 10:28:14] INFO [default:13] Response sent: status=200
[11/Feb/2025 10:28:20] INFO [default:13] Response sent: status=302
[11/Feb/2025 10:28:20] INFO [default:13] Response sent: status=200
[11/Feb/2025 10:28:21] INFO [default:13] Response sent: status=200
[11/Feb/2025 10:28:59] INFO [default:13] Response sent: status=302
[11/Feb/2025 10:28:59] INFO [default:13] Response sent: status=200
[11/Feb/2025 10:29:04] INFO [default:13] Response sent: status=200
[11/Feb/2025 10:29:07] INFO [default:13] Response sent: status=200
[11/Feb/2025 10:29:10] INFO [default:13] Response sent: status=200
[11/Feb/2025 10:39:18] INFO [default:13] Response sent: status=200
[11/Feb/2025 10:39:18] INFO [default:13] Response sent: status=304
[11/Feb/2025 10:39:21] INFO [default:13] Response sent: status=302
[11/Feb/2025 10:39:21] INFO [default:13] Response sent: status=200
[11/Feb/2025 10:39:31] INFO [default:13] Response sent: status=200
[11/Feb/2025 10:39:42] INFO [default:13] Response sent: status=200
[11/Feb/2025 10:40:15] INFO [default:13] Response sent: status=302
[11/Feb/2025 10:40:15] INFO [default:13] Response sent: status=200
[11/Feb/2025 10:40:15] INFO [default:13] Response sent: status=200
[11/Feb/2025 10:40:31] INFO [default:13] Response sent: status=200
[11/Feb/2025 10:40:36] INFO [default:13] Response sent: status=200
[11/Feb/2025 10:40:41] INFO [default:13] Response sent: status=200
[11/Feb/2025 10:40:46] INFO [default:13] Response sent: status=200
[11/Feb/2025 10:40:46] INFO [default:13] Response sent: status=200
[11/Feb/2025 10:40:46] INFO [default:13] Response sent: status=200
[11/Feb/2025 10:40:46] INFO [default:13] Response sent: status=200
[11/Feb/2025 10:40:46] INFO [default:13] Response sent: status=200
[11/Feb/2025 10:40:56] INFO [default:13] Response sent: status=200
[11/Feb/2025 10:41:00] INFO [default:13] Response sent: status=200
[11/Feb/2025 10:41:33] INFO [default:13] Response sent: status=200
[11/Feb/2025 10:41:33] INFO [default:13] Response sent: status=200
[11/Feb/2025 10:41:33] INFO [default:13] Response sent: status=200
[11/Feb/2025 10:41:33] INFO [default:13] Response sent: status=200
[11/Feb/2025 10:41:33] INFO [default:13] Response sent: status=200
[11/Feb/2025 10:41:33] INFO [default:13] Response sent: status=200
[11/Feb/2025 10:41:33] INFO [default:13] Response sent: status=200
[11/Feb/2025 10:41:33] INFO [default:13] Response sent: status=200
[11/Feb/2025 10:41:33] INFO [default:13] Response sent: status=200
[11/Feb/2025 10:41:33] INFO [default:13] Response sent: status=200
[11/Feb/2025 10:41:33] INFO [default:13] Response sent: status=200
[11/Feb/2025 10:41:44] INFO [default:13] Response sent: status=200
[11/Feb/2025 10:41:49] INFO [default:30] Request received: method=GET, path=/admin/admin_app/department/, user=akram
[11/Feb/2025 10:41:49] INFO [default:13] Response sent: status=200
[11/Feb/2025 10:41:49] INFO [default:13] Response sent: status=200
[11/Feb/2025 10:41:52] INFO [default:30] Request received: method=GET, path=/admin/admin_app/group/, user=akram
[11/Feb/2025 10:41:52] INFO [default:13] Response sent: status=200
[11/Feb/2025 10:41:52] INFO [default:13] Response sent: status=200
[11/Feb/2025 10:41:55] INFO [default:30] Request received: method=GET, path=/admin/admin_app/file/, user=akram
[11/Feb/2025 10:41:56] INFO [default:13] Response sent: status=200
[11/Feb/2025 10:41:56] INFO [default:13] Response sent: status=200
[11/Feb/2025 10:42:01] INFO [default:30] Request received: method=GET, path=/admin/admin_app/user/, user=akram
[11/Feb/2025 10:42:01] INFO [default:13] Response sent: status=200
[11/Feb/2025 10:42:01] INFO [default:13] Response sent: status=200
[11/Feb/2025 10:42:04] INFO [default:13] Response sent: status=200
[11/Feb/2025 10:42:04] INFO [default:13] Response sent: status=200
[11/Feb/2025 10:42:07] INFO [default:13] Response sent: status=302
[11/Feb/2025 10:42:08] INFO [default:13] Response sent: status=200
[11/Feb/2025 10:42:11] INFO [default:13] Response sent: status=200
[11/Feb/2025 10:42:37] INFO [default:13] Response sent: status=200
[11/Feb/2025 10:42:37] INFO [default:13] Response sent: status=200
[11/Feb/2025 10:42:44] INFO [default:13] Response sent: status=200
[11/Feb/2025 10:42:45] INFO [default:13] Response sent: status=200
[11/Feb/2025 10:42:45] INFO [default:13] Response sent: status=200
[11/Feb/2025 10:42:45] INFO [default:13] Response sent: status=200
[11/Feb/2025 10:42:45] INFO [default:13] Response sent: status=200
[11/Feb/2025 10:42:49] INFO [default:13] Response sent: status=200
[11/Feb/2025 10:42:52] INFO [default:13] Response sent: status=200
[11/Feb/2025 10:42:56] INFO [default:13] Response sent: status=200
[11/Feb/2025 10:42:59] INFO [default:13] Response sent: status=200
[11/Feb/2025 10:42:59] INFO [default:13] Response sent: status=200
[11/Feb/2025 10:42:59] INFO [default:13] Response sent: status=200
[11/Feb/2025 10:43:00] INFO [default:13] Response sent: status=200
[11/Feb/2025 10:43:00] INFO [default:13] Response sent: status=200
[11/Feb/2025 10:43:00] INFO [default:13] Response sent: status=200
[11/Feb/2025 10:43:00] INFO [default:13] Response sent: status=200
[11/Feb/2025 10:43:00] INFO [default:13] Response sent: status=200
[11/Feb/2025 10:43:00] INFO [default:13] Response sent: status=200
[11/Feb/2025 10:43:00] INFO [default:13] Response sent: status=200
[11/Feb/2025 10:43:00] INFO [default:13] Response sent: status=200
[11/Feb/2025 10:43:03] INFO [default:13] Response sent: status=200
[11/Feb/2025 10:43:09] INFO [default:13] Response sent: status=302
[11/Feb/2025 10:43:09] INFO [default:13] Response sent: status=200
[11/Feb/2025 10:43:11] INFO [default:13] Response sent: status=200
[11/Feb/2025 10:43:20] INFO [default:13] Response sent: status=302
[11/Feb/2025 10:43:20] INFO [default:13] Response sent: status=200
[11/Feb/2025 10:43:21] INFO [default:13] Response sent: status=200
[11/Feb/2025 10:43:34] INFO [default:13] Response sent: status=200
[11/Feb/2025 10:43:39] INFO [default:13] Response sent: status=200
[11/Feb/2025 10:43:50] INFO [default:13] Response sent: status=200
[11/Feb/2025 10:43:55] INFO [default:13] Response sent: status=200
[11/Feb/2025 10:44:04] INFO [default:13] Response sent: status=200
[11/Feb/2025 10:44:25] INFO [default:13] Response sent: status=200
[11/Feb/2025 10:44:58] INFO [default:13] Response sent: status=200
[11/Feb/2025 10:45:09] INFO [default:13] Response sent: status=200
[11/Feb/2025 10:45:29] INFO [default:13] Response sent: status=200
[11/Feb/2025 10:45:48] INFO [default:13] Response sent: status=200
[11/Feb/2025 10:45:48] INFO [default:13] Response sent: status=200
[11/Feb/2025 10:45:48] INFO [default:13] Response sent: status=200
[11/Feb/2025 10:45:48] INFO [default:13] Response sent: status=200
[11/Feb/2025 10:45:48] INFO [default:13] Response sent: status=200
[11/Feb/2025 10:45:48] INFO [default:13] Response sent: status=200
[11/Feb/2025 10:45:48] INFO [default:13] Response sent: status=200
[11/Feb/2025 10:45:48] INFO [default:13] Response sent: status=200
[11/Feb/2025 10:45:48] INFO [default:13] Response sent: status=200
[11/Feb/2025 10:45:48] INFO [default:13] Response sent: status=200
[11/Feb/2025 10:45:48] INFO [default:13] Response sent: status=200
[11/Feb/2025 10:45:48] INFO [default:13] Response sent: status=200
[11/Feb/2025 10:45:48] INFO [default:13] Response sent: status=200
[11/Feb/2025 10:45:48] INFO [default:13] Response sent: status=200
[11/Feb/2025 10:45:48] INFO [default:13] Response sent: status=200
[11/Feb/2025 10:47:07] INFO [default:13] Response sent: status=200
[11/Feb/2025 10:47:15] INFO [default:13] Response sent: status=200
[11/Feb/2025 10:47:15] INFO [default:13] Response sent: status=304
[11/Feb/2025 10:48:09] INFO [default:13] Response sent: status=200
[11/Feb/2025 10:49:08] INFO [default:13] Response sent: status=200
[11/Feb/2025 10:49:33] INFO [default:13] Response sent: status=200
[11/Feb/2025 10:51:55] INFO [default:13] Response sent: status=200
[11/Feb/2025 10:52:22] INFO [default:13] Response sent: status=200
[11/Feb/2025 10:52:24] INFO [default:13] Response sent: status=200
[12/Feb/2025 22:45:10] INFO [default:13] Response sent: status=302
[12/Feb/2025 22:45:10] INFO [default:13] Response sent: status=200
[12/Feb/2025 22:45:10] INFO [default:13] Response sent: status=304
[12/Feb/2025 22:45:24] INFO [default:13] Response sent: status=302
[12/Feb/2025 22:45:24] INFO [default:13] Response sent: status=200
[12/Feb/2025 22:45:24] INFO [default:13] Response sent: status=404
[12/Feb/2025 22:46:17] INFO [default:13] Response sent: status=302
[12/Feb/2025 22:46:17] INFO [default:13] Response sent: status=200
[12/Feb/2025 22:46:50] INFO [default:13] Response sent: status=302
[12/Feb/2025 22:46:50] INFO [default:13] Response sent: status=200
[12/Feb/2025 22:46:55] INFO [default:13] Response sent: status=200
[12/Feb/2025 22:46:55] INFO [default:13] Response sent: status=200
[12/Feb/2025 22:46:55] INFO [default:13] Response sent: status=200
[12/Feb/2025 22:46:55] INFO [default:13] Response sent: status=200
[12/Feb/2025 22:46:55] INFO [default:13] Response sent: status=200
[12/Feb/2025 22:46:55] INFO [default:13] Response sent: status=200
[12/Feb/2025 22:46:55] INFO [default:13] Response sent: status=200
[12/Feb/2025 22:46:55] INFO [default:13] Response sent: status=200
[12/Feb/2025 22:46:55] INFO [default:13] Response sent: status=200
[12/Feb/2025 22:46:55] INFO [default:13] Response sent: status=200
[12/Feb/2025 22:46:55] INFO [default:13] Response sent: status=200
[12/Feb/2025 22:46:55] INFO [default:13] Response sent: status=200
[12/Feb/2025 22:46:55] INFO [default:13] Response sent: status=200
[12/Feb/2025 22:46:55] INFO [default:13] Response sent: status=200
[12/Feb/2025 22:46:55] INFO [default:13] Response sent: status=200
[12/Feb/2025 22:46:55] INFO [default:13] Response sent: status=304
[12/Feb/2025 22:46:56] INFO [default:13] Response sent: status=200
[12/Feb/2025 22:47:27] INFO [default:13] Response sent: status=302
[12/Feb/2025 22:47:27] INFO [default:13] Response sent: status=200
[12/Feb/2025 22:47:28] INFO [default:13] Response sent: status=200
[12/Feb/2025 22:47:31] INFO [default:13] Response sent: status=200
[12/Feb/2025 22:47:34] INFO [default:13] Response sent: status=200
[12/Feb/2025 22:47:43] INFO [default:13] Response sent: status=302
[12/Feb/2025 22:47:44] INFO [default:13] Response sent: status=200
[12/Feb/2025 22:47:44] INFO [default:13] Response sent: status=200
[12/Feb/2025 22:47:58] INFO [default:13] Response sent: status=200
[12/Feb/2025 22:47:58] INFO [default:13] Response sent: status=200
[12/Feb/2025 22:47:58] INFO [default:13] Response sent: status=200
[12/Feb/2025 22:47:58] INFO [default:13] Response sent: status=200
[12/Feb/2025 22:47:58] INFO [default:13] Response sent: status=200
[12/Feb/2025 22:47:58] INFO [default:13] Response sent: status=200
[12/Feb/2025 22:47:58] INFO [default:13] Response sent: status=200
[12/Feb/2025 22:47:58] INFO [default:13] Response sent: status=200
[12/Feb/2025 22:47:58] INFO [default:13] Response sent: status=200
[12/Feb/2025 22:47:58] INFO [default:13] Response sent: status=200
[12/Feb/2025 22:47:58] INFO [default:13] Response sent: status=200
[12/Feb/2025 22:47:58] INFO [default:13] Response sent: status=200
[12/Feb/2025 22:47:58] INFO [default:13] Response sent: status=200
[12/Feb/2025 22:47:58] INFO [default:13] Response sent: status=200
[12/Feb/2025 22:47:58] INFO [default:13] Response sent: status=200
[12/Feb/2025 22:47:58] INFO [default:13] Response sent: status=200
[12/Feb/2025 22:48:15] INFO [default:13] Response sent: status=302
[12/Feb/2025 22:48:15] INFO [default:13] Response sent: status=200
[12/Feb/2025 22:48:18] INFO [default:13] Response sent: status=200
[12/Feb/2025 22:48:24] INFO [default:13] Response sent: status=302
[12/Feb/2025 22:48:24] INFO [default:13] Response sent: status=200
[12/Feb/2025 22:48:27] INFO [default:13] Response sent: status=200
[12/Feb/2025 22:48:29] INFO [default:13] Response sent: status=200
[12/Feb/2025 22:48:30] INFO [default:13] Response sent: status=200
[12/Feb/2025 22:49:06] INFO [default:13] Response sent: status=302
[12/Feb/2025 22:49:06] INFO [default:13] Response sent: status=200
[12/Feb/2025 22:49:09] INFO [default:13] Response sent: status=302
[12/Feb/2025 22:49:09] INFO [default:13] Response sent: status=200
[12/Feb/2025 22:49:17] INFO [default:13] Response sent: status=200
[12/Feb/2025 22:49:24] INFO [default:13] Response sent: status=302
[12/Feb/2025 22:49:24] INFO [default:13] Response sent: status=200
[12/Feb/2025 22:49:24] INFO [default:13] Response sent: status=200
[12/Feb/2025 22:49:28] INFO [default:13] Response sent: status=200
[12/Feb/2025 22:49:28] INFO [default:13] Response sent: status=200
[12/Feb/2025 22:49:28] INFO [default:13] Response sent: status=200
[12/Feb/2025 22:49:28] INFO [default:13] Response sent: status=200
[12/Feb/2025 22:49:28] INFO [default:13] Response sent: status=200
[12/Feb/2025 22:49:28] INFO [default:13] Response sent: status=200
[12/Feb/2025 22:49:28] INFO [default:13] Response sent: status=200
[12/Feb/2025 22:49:28] INFO [default:13] Response sent: status=200
[12/Feb/2025 22:49:28] INFO [default:13] Response sent: status=200
[12/Feb/2025 22:49:28] INFO [default:13] Response sent: status=200
[12/Feb/2025 22:49:28] INFO [default:13] Response sent: status=200
[12/Feb/2025 22:49:28] INFO [default:13] Response sent: status=200
[12/Feb/2025 22:49:28] INFO [default:13] Response sent: status=200
[12/Feb/2025 22:49:28] INFO [default:13] Response sent: status=200
[12/Feb/2025 22:49:28] INFO [default:13] Response sent: status=200
[12/Feb/2025 22:49:28] INFO [default:13] Response sent: status=200
[12/Feb/2025 22:50:02] INFO [default:13] Response sent: status=200
[12/Feb/2025 22:50:02] INFO [default:13] Response sent: status=200
[12/Feb/2025 22:51:04] INFO [default:13] Response sent: status=200
[12/Feb/2025 22:51:07] INFO [default:13] Response sent: status=302
[12/Feb/2025 22:51:07] INFO [default:13] Response sent: status=200
[12/Feb/2025 22:51:12] INFO [default:13] Response sent: status=302
[12/Feb/2025 22:51:12] INFO [default:13] Response sent: status=200
[12/Feb/2025 22:51:14] INFO [default:13] Response sent: status=200
[12/Feb/2025 22:51:14] INFO [default:13] Response sent: status=200
[12/Feb/2025 22:51:17] INFO [default:13] Response sent: status=200
[12/Feb/2025 22:51:17] INFO [default:13] Response sent: status=200
[12/Feb/2025 22:52:20] INFO [default:13] Response sent: status=200
[12/Feb/2025 22:53:14] INFO [default:13] Response sent: status=200
[12/Feb/2025 23:13:15] INFO [default:13] Response sent: status=200
